#
# There is insufficient memory for the Java Runtime Environment to continue.
# Native memory allocation (malloc) failed to allocate 617552 bytes. Error detail: Chunk::new
# Possible reasons:
#   The system is out of physical RAM or swap space
#   This process is running with CompressedOops enabled, and the Java Heap may be blocking the growth of the native heap
# Possible solutions:
#   Reduce memory load on the system
#   Increase physical memory or swap space
#   Check if swap backing store is full
#   Decrease Java heap size (-Xmx/-Xms)
#   Decrease number of Java threads
#   Decrease Java thread stack sizes (-Xss)
#   Set larger code cache with -XX:ReservedCodeCacheSize=
#   JVM is running with Unscaled Compressed Oops mode in which the Java heap is
#     placed in the first 4GB address space. The Java Heap base address is the
#     maximum limit for the native heap growth. Please use -XX:HeapBaseMinAddress
#     to set the Java Heap base and to place the Java Heap above 4GB virtual address.
# This output file may be truncated or incomplete.
#
#  Out of Memory Error (arena.cpp:150), pid=45708, tid=36612
#
# JRE version: Java(TM) SE Runtime Environment (22.0.2+9) (build 22.0.2+9-70)
# Java VM: Java HotSpot(TM) 64-Bit Server VM (22.0.2+9-70, mixed mode, sharing, tiered, compressed oops, compressed class ptrs, g1 gc, windows-amd64)
# No core dump will be written. Minidumps are not enabled by default on client versions of Windows
#

---------------  S U M M A R Y ------------

Command Line: -javaagent:C:\Program Files\JetBrains\IntelliJ IDEA Community Edition 2024.3.3\lib\idea_rt.jar=53408:C:\Program Files\JetBrains\IntelliJ IDEA Community Edition 2024.3.3\bin -Dfile.encoding=UTF-8 -Dsun.stdout.encoding=UTF-8 -Dsun.stderr.encoding=UTF-8 com.WeddingPlanning.Backend.BackendApplication

Host: AMD Ryzen 5 7520U with Radeon Graphics         , 8 cores, 7G,  Windows 11 , 64 bit Build 26100 (10.0.26100.3912)
Time: Wed May  7 18:18:31 2025 Sri Lanka Standard Time elapsed time: 13.238018 seconds (0d 0h 0m 13s)

---------------  T H R E A D  ---------------

Current thread (0x000001b0d6139650):  JavaThread "C2 CompilerThread0" daemon [_thread_in_native, id=36612, stack(0x0000000fd0200000,0x0000000fd0300000) (1024K)]


Current CompileTask:
C2:13238 2120       4       java.lang.invoke.MethodType::methodType (69 bytes)

Stack: [0x0000000fd0200000,0x0000000fd0300000]
Native frames: (J=compiled Java code, j=interpreted, Vv=VM code, C=native code)
V  [jvm.dll+0x6e26e9]  (no source info available)
V  [jvm.dll+0x875753]  (no source info available)
V  [jvm.dll+0x877b7e]  (no source info available)
V  [jvm.dll+0x878253]  (no source info available)
V  [jvm.dll+0x27fc86]  (no source info available)
V  [jvm.dll+0xc3d0f]  (no source info available)
V  [jvm.dll+0xc3f6b]  (no source info available)
V  [jvm.dll+0x1d76df]  (no source info available)
V  [jvm.dll+0x672e45]  (no source info available)
V  [jvm.dll+0x671355]  (no source info available)
V  [jvm.dll+0x247677]  (no source info available)
V  [jvm.dll+0x246e9f]  (no source info available)
V  [jvm.dll+0x1c4e80]  (no source info available)
V  [jvm.dll+0x2568f3]  (no source info available)
V  [jvm.dll+0x254baa]  (no source info available)
V  [jvm.dll+0x3f57a6]  (no source info available)
V  [jvm.dll+0x81dc0b]  (no source info available)
V  [jvm.dll+0x6e0d85]  (no source info available)
C  [ucrtbase.dll+0x37b0]  (no source info available)
C  [KERNEL32.DLL+0x2e8d7]  (no source info available)
C  [ntdll.dll+0x9c5dc]  (no source info available)


---------------  P R O C E S S  ---------------

Threads class SMR info:
_java_thread_list=0x000001b0d83edd30, length=13, elements={
0x000001b0f1da5900, 0x000001b0d6121b40, 0x000001b0d61227a0, 0x000001b0d6125c20,
0x000001b0d6126a30, 0x000001b0d6127490, 0x000001b0d6128020, 0x000001b0d6139650,
0x000001b0d613ad20, 0x000001b0d62333b0, 0x000001b0d64f1270, 0x000001b0d63faf50,
0x000001b0d6dee460
}

Java Threads: ( => current thread )
  0x000001b0f1da5900 JavaThread "main"                              [_thread_in_Java, id=44388, stack(0x0000000fcf400000,0x0000000fcf500000) (1024K)]
  0x000001b0d6121b40 JavaThread "Reference Handler"          daemon [_thread_blocked, id=10248, stack(0x0000000fcfc00000,0x0000000fcfd00000) (1024K)]
  0x000001b0d61227a0 JavaThread "Finalizer"                  daemon [_thread_blocked, id=12484, stack(0x0000000fcfd00000,0x0000000fcfe00000) (1024K)]
  0x000001b0d6125c20 JavaThread "Signal Dispatcher"          daemon [_thread_blocked, id=47884, stack(0x0000000fcfe00000,0x0000000fcff00000) (1024K)]
  0x000001b0d6126a30 JavaThread "Attach Listener"            daemon [_thread_blocked, id=19636, stack(0x0000000fcff00000,0x0000000fd0000000) (1024K)]
  0x000001b0d6127490 JavaThread "Service Thread"             daemon [_thread_blocked, id=33812, stack(0x0000000fd0000000,0x0000000fd0100000) (1024K)]
  0x000001b0d6128020 JavaThread "Monitor Deflation Thread"   daemon [_thread_blocked, id=33556, stack(0x0000000fd0100000,0x0000000fd0200000) (1024K)]
=>0x000001b0d6139650 JavaThread "C2 CompilerThread0"         daemon [_thread_in_native, id=36612, stack(0x0000000fd0200000,0x0000000fd0300000) (1024K)]
  0x000001b0d613ad20 JavaThread "C1 CompilerThread0"         daemon [_thread_blocked, id=29020, stack(0x0000000fd0300000,0x0000000fd0400000) (1024K)]
  0x000001b0d62333b0 JavaThread "Common-Cleaner"             daemon [_thread_blocked, id=22124, stack(0x0000000fd0400000,0x0000000fd0500000) (1024K)]
  0x000001b0d64f1270 JavaThread "Monitor Ctrl-Break"         daemon [_thread_in_native, id=28448, stack(0x0000000fd0500000,0x0000000fd0600000) (1024K)]
  0x000001b0d63faf50 JavaThread "Notification Thread"        daemon [_thread_blocked, id=43768, stack(0x0000000fd0600000,0x0000000fd0700000) (1024K)]
  0x000001b0d6dee460 JavaThread "C2 CompilerThread1"         daemon [_thread_in_native, id=50920, stack(0x0000000fd0700000,0x0000000fd0800000) (1024K)]
Total: 13

Other Threads:
  0x000001b0ff295760 VMThread "VM Thread"                           [id=32652, stack(0x0000000fcfb00000,0x0000000fcfc00000) (1024K)]
  0x000001b0ff279b00 WatcherThread "VM Periodic Task Thread"        [id=41912, stack(0x0000000fcfa00000,0x0000000fcfb00000) (1024K)]
  0x000001b0f381abd0 WorkerThread "GC Thread#0"                     [id=22036, stack(0x0000000fcf500000,0x0000000fcf600000) (1024K)]
  0x000001b0d6deefa0 WorkerThread "GC Thread#1"                     [id=12620, stack(0x0000000fd0800000,0x0000000fd0900000) (1024K)]
  0x000001b0d7176a70 WorkerThread "GC Thread#2"                     [id=45152, stack(0x0000000fd0900000,0x0000000fd0a00000) (1024K)]
  0x000001b0d684fdf0 WorkerThread "GC Thread#3"                     [id=43100, stack(0x0000000fd0a00000,0x0000000fd0b00000) (1024K)]
  0x000001b0d68501a0 WorkerThread "GC Thread#4"                     [id=43684, stack(0x0000000fd0b00000,0x0000000fd0c00000) (1024K)]
  0x000001b0d715e870 WorkerThread "GC Thread#5"                     [id=11104, stack(0x0000000fd0c00000,0x0000000fd0d00000) (1024K)]
  0x000001b0d715ec20 WorkerThread "GC Thread#6"                     [id=44664, stack(0x0000000fd0d00000,0x0000000fd0e00000) (1024K)]
  0x000001b0d760cc70 WorkerThread "GC Thread#7"                     [id=29328, stack(0x0000000fd0f00000,0x0000000fd1000000) (1024K)]
  0x000001b0f382af80 ConcurrentGCThread "G1 Main Marker"            [id=28748, stack(0x0000000fcf600000,0x0000000fcf700000) (1024K)]
  0x000001b0f382d4b0 WorkerThread "G1 Conc#0"                       [id=28808, stack(0x0000000fcf700000,0x0000000fcf800000) (1024K)]
  0x000001b0f385ea40 ConcurrentGCThread "G1 Refine#0"               [id=24252, stack(0x0000000fcf800000,0x0000000fcf900000) (1024K)]
  0x000001b0ff14dac0 ConcurrentGCThread "G1 Service"                [id=49740, stack(0x0000000fcf900000,0x0000000fcfa00000) (1024K)]
Total: 14

Threads with active compile tasks:
C2 CompilerThread0  13629 2120       4       java.lang.invoke.MethodType::methodType (69 bytes)
C2 CompilerThread1  13629 2269       4       java.util.Properties$LineReader::readLine (584 bytes)
Total: 2

VM state: not at safepoint (normal execution)

VM Mutex/Monitor currently owned by a thread: None

Heap address: 0x000000008c000000, size: 1856 MB, Compressed Oops mode: 32-bit

CDS archive(s) mapped at: [0x000001b091000000-0x000001b091c60000-0x000001b091c60000), size 12976128, SharedBaseAddress: 0x000001b091000000, ArchiveRelocationMode: 1.
Compressed class space mapped at: 0x000001b092000000-0x000001b0d2000000, reserved size: 1073741824
Narrow klass base: 0x000001b091000000, Narrow klass shift: 0, Narrow klass range: 0x41000000

GC Precious Log:
 CardTable entry size: 512
 Card Set container configuration: InlinePtr #cards 5 size 8 Array Of Cards #cards 12 size 40 Howl #buckets 4 coarsen threshold 1843 Howl Bitmap #cards 512 size 80 coarsen threshold 460 Card regions per heap region 1 cards per card region 2048
 CPUs: 8 total, 8 available
 Memory: 7418M
 Large Page Support: Disabled
 NUMA Support: Disabled
 Compressed Oops: Enabled (32-bit)
 Heap Region Size: 1M
 Heap Min Capacity: 8M
 Heap Initial Capacity: 116M
 Heap Max Capacity: 1856M
 Pre-touch: Disabled
 Parallel Workers: 8
 Concurrent Workers: 2
 Concurrent Refinement Workers: 8
 Periodic GC: Disabled

Heap:
 garbage-first heap   total reserved 1900544K, committed 118784K, used 22950K [0x000000008c000000, 0x0000000100000000)
  region size 1024K, 19 young (19456K), 3 survivors (3072K)
 Metaspace       used 18181K, committed 18496K, reserved 1114112K
  class space    used 2279K, committed 2432K, reserved 1048576K

Heap Regions: E=young(eden), S=young(survivor), O=old, HS=humongous(starts), HC=humongous(continues), CS=collection set, F=free, TAMS=top-at-mark-start, PB=parsable bottom
|   0|0x000000008c000000, 0x000000008c100000, 0x000000008c100000|100%| O|  |TAMS 0x000000008c000000| PB 0x000000008c000000| Untracked |  0
|   1|0x000000008c100000, 0x000000008c200000, 0x000000008c200000|100%| O|  |TAMS 0x000000008c100000| PB 0x000000008c100000| Untracked |  0
|   2|0x000000008c200000, 0x000000008c300000, 0x000000008c300000|100%| O|  |TAMS 0x000000008c200000| PB 0x000000008c200000| Untracked |  0
|   3|0x000000008c300000, 0x000000008c400000, 0x000000008c400000|100%| O|  |TAMS 0x000000008c300000| PB 0x000000008c300000| Untracked |  0
|   4|0x000000008c400000, 0x000000008c4d0220, 0x000000008c500000| 81%| O|  |TAMS 0x000000008c400000| PB 0x000000008c400000| Untracked |  0
|   5|0x000000008c500000, 0x000000008c500000, 0x000000008c600000|  0%| F|  |TAMS 0x000000008c500000| PB 0x000000008c500000| Untracked |  0
|   6|0x000000008c600000, 0x000000008c600000, 0x000000008c700000|  0%| F|  |TAMS 0x000000008c600000| PB 0x000000008c600000| Untracked |  0
|   7|0x000000008c700000, 0x000000008c700000, 0x000000008c800000|  0%| F|  |TAMS 0x000000008c700000| PB 0x000000008c700000| Untracked |  0
|   8|0x000000008c800000, 0x000000008c800000, 0x000000008c900000|  0%| F|  |TAMS 0x000000008c800000| PB 0x000000008c800000| Untracked |  0
|   9|0x000000008c900000, 0x000000008c900000, 0x000000008ca00000|  0%| F|  |TAMS 0x000000008c900000| PB 0x000000008c900000| Untracked |  0
|  10|0x000000008ca00000, 0x000000008ca00000, 0x000000008cb00000|  0%| F|  |TAMS 0x000000008ca00000| PB 0x000000008ca00000| Untracked |  0
|  11|0x000000008cb00000, 0x000000008cb00000, 0x000000008cc00000|  0%| F|  |TAMS 0x000000008cb00000| PB 0x000000008cb00000| Untracked |  0
|  12|0x000000008cc00000, 0x000000008cc00000, 0x000000008cd00000|  0%| F|  |TAMS 0x000000008cc00000| PB 0x000000008cc00000| Untracked |  0
|  13|0x000000008cd00000, 0x000000008cd00000, 0x000000008ce00000|  0%| F|  |TAMS 0x000000008cd00000| PB 0x000000008cd00000| Untracked |  0
|  14|0x000000008ce00000, 0x000000008ce00000, 0x000000008cf00000|  0%| F|  |TAMS 0x000000008ce00000| PB 0x000000008ce00000| Untracked |  0
|  15|0x000000008cf00000, 0x000000008cf00000, 0x000000008d000000|  0%| F|  |TAMS 0x000000008cf00000| PB 0x000000008cf00000| Untracked |  0
|  16|0x000000008d000000, 0x000000008d000000, 0x000000008d100000|  0%| F|  |TAMS 0x000000008d000000| PB 0x000000008d000000| Untracked |  0
|  17|0x000000008d100000, 0x000000008d100000, 0x000000008d200000|  0%| F|  |TAMS 0x000000008d100000| PB 0x000000008d100000| Untracked |  0
|  18|0x000000008d200000, 0x000000008d200000, 0x000000008d300000|  0%| F|  |TAMS 0x000000008d200000| PB 0x000000008d200000| Untracked |  0
|  19|0x000000008d300000, 0x000000008d300000, 0x000000008d400000|  0%| F|  |TAMS 0x000000008d300000| PB 0x000000008d300000| Untracked |  0
|  20|0x000000008d400000, 0x000000008d400000, 0x000000008d500000|  0%| F|  |TAMS 0x000000008d400000| PB 0x000000008d400000| Untracked |  0
|  21|0x000000008d500000, 0x000000008d500000, 0x000000008d600000|  0%| F|  |TAMS 0x000000008d500000| PB 0x000000008d500000| Untracked |  0
|  22|0x000000008d600000, 0x000000008d600000, 0x000000008d700000|  0%| F|  |TAMS 0x000000008d600000| PB 0x000000008d600000| Untracked |  0
|  23|0x000000008d700000, 0x000000008d700000, 0x000000008d800000|  0%| F|  |TAMS 0x000000008d700000| PB 0x000000008d700000| Untracked |  0
|  24|0x000000008d800000, 0x000000008d800000, 0x000000008d900000|  0%| F|  |TAMS 0x000000008d800000| PB 0x000000008d800000| Untracked |  0
|  25|0x000000008d900000, 0x000000008d900000, 0x000000008da00000|  0%| F|  |TAMS 0x000000008d900000| PB 0x000000008d900000| Untracked |  0
|  26|0x000000008da00000, 0x000000008da00000, 0x000000008db00000|  0%| F|  |TAMS 0x000000008da00000| PB 0x000000008da00000| Untracked |  0
|  27|0x000000008db00000, 0x000000008db00000, 0x000000008dc00000|  0%| F|  |TAMS 0x000000008db00000| PB 0x000000008db00000| Untracked |  0
|  28|0x000000008dc00000, 0x000000008dc00000, 0x000000008dd00000|  0%| F|  |TAMS 0x000000008dc00000| PB 0x000000008dc00000| Untracked |  0
|  29|0x000000008dd00000, 0x000000008dd00000, 0x000000008de00000|  0%| F|  |TAMS 0x000000008dd00000| PB 0x000000008dd00000| Untracked |  0
|  30|0x000000008de00000, 0x000000008de00000, 0x000000008df00000|  0%| F|  |TAMS 0x000000008de00000| PB 0x000000008de00000| Untracked |  0
|  31|0x000000008df00000, 0x000000008df00000, 0x000000008e000000|  0%| F|  |TAMS 0x000000008df00000| PB 0x000000008df00000| Untracked |  0
|  32|0x000000008e000000, 0x000000008e000000, 0x000000008e100000|  0%| F|  |TAMS 0x000000008e000000| PB 0x000000008e000000| Untracked |  0
|  33|0x000000008e100000, 0x000000008e100000, 0x000000008e200000|  0%| F|  |TAMS 0x000000008e100000| PB 0x000000008e100000| Untracked |  0
|  34|0x000000008e200000, 0x000000008e200000, 0x000000008e300000|  0%| F|  |TAMS 0x000000008e200000| PB 0x000000008e200000| Untracked |  0
|  35|0x000000008e300000, 0x000000008e300000, 0x000000008e400000|  0%| F|  |TAMS 0x000000008e300000| PB 0x000000008e300000| Untracked |  0
|  36|0x000000008e400000, 0x000000008e400000, 0x000000008e500000|  0%| F|  |TAMS 0x000000008e400000| PB 0x000000008e400000| Untracked |  0
|  37|0x000000008e500000, 0x000000008e500000, 0x000000008e600000|  0%| F|  |TAMS 0x000000008e500000| PB 0x000000008e500000| Untracked |  0
|  38|0x000000008e600000, 0x000000008e600000, 0x000000008e700000|  0%| F|  |TAMS 0x000000008e600000| PB 0x000000008e600000| Untracked |  0
|  39|0x000000008e700000, 0x000000008e700000, 0x000000008e800000|  0%| F|  |TAMS 0x000000008e700000| PB 0x000000008e700000| Untracked |  0
|  40|0x000000008e800000, 0x000000008e800000, 0x000000008e900000|  0%| F|  |TAMS 0x000000008e800000| PB 0x000000008e800000| Untracked |  0
|  41|0x000000008e900000, 0x000000008e900000, 0x000000008ea00000|  0%| F|  |TAMS 0x000000008e900000| PB 0x000000008e900000| Untracked |  0
|  42|0x000000008ea00000, 0x000000008ea00000, 0x000000008eb00000|  0%| F|  |TAMS 0x000000008ea00000| PB 0x000000008ea00000| Untracked |  0
|  43|0x000000008eb00000, 0x000000008eb00000, 0x000000008ec00000|  0%| F|  |TAMS 0x000000008eb00000| PB 0x000000008eb00000| Untracked |  0
|  44|0x000000008ec00000, 0x000000008ec00000, 0x000000008ed00000|  0%| F|  |TAMS 0x000000008ec00000| PB 0x000000008ec00000| Untracked |  0
|  45|0x000000008ed00000, 0x000000008ed00000, 0x000000008ee00000|  0%| F|  |TAMS 0x000000008ed00000| PB 0x000000008ed00000| Untracked |  0
|  46|0x000000008ee00000, 0x000000008ee00000, 0x000000008ef00000|  0%| F|  |TAMS 0x000000008ee00000| PB 0x000000008ee00000| Untracked |  0
|  47|0x000000008ef00000, 0x000000008ef00000, 0x000000008f000000|  0%| F|  |TAMS 0x000000008ef00000| PB 0x000000008ef00000| Untracked |  0
|  48|0x000000008f000000, 0x000000008f000000, 0x000000008f100000|  0%| F|  |TAMS 0x000000008f000000| PB 0x000000008f000000| Untracked |  0
|  49|0x000000008f100000, 0x000000008f100000, 0x000000008f200000|  0%| F|  |TAMS 0x000000008f100000| PB 0x000000008f100000| Untracked |  0
|  50|0x000000008f200000, 0x000000008f200000, 0x000000008f300000|  0%| F|  |TAMS 0x000000008f200000| PB 0x000000008f200000| Untracked |  0
|  51|0x000000008f300000, 0x000000008f300000, 0x000000008f400000|  0%| F|  |TAMS 0x000000008f300000| PB 0x000000008f300000| Untracked |  0
|  52|0x000000008f400000, 0x000000008f400000, 0x000000008f500000|  0%| F|  |TAMS 0x000000008f400000| PB 0x000000008f400000| Untracked |  0
|  53|0x000000008f500000, 0x000000008f500000, 0x000000008f600000|  0%| F|  |TAMS 0x000000008f500000| PB 0x000000008f500000| Untracked |  0
|  54|0x000000008f600000, 0x000000008f600000, 0x000000008f700000|  0%| F|  |TAMS 0x000000008f600000| PB 0x000000008f600000| Untracked |  0
|  55|0x000000008f700000, 0x000000008f700000, 0x000000008f800000|  0%| F|  |TAMS 0x000000008f700000| PB 0x000000008f700000| Untracked |  0
|  56|0x000000008f800000, 0x000000008f800000, 0x000000008f900000|  0%| F|  |TAMS 0x000000008f800000| PB 0x000000008f800000| Untracked |  0
|  57|0x000000008f900000, 0x000000008f900000, 0x000000008fa00000|  0%| F|  |TAMS 0x000000008f900000| PB 0x000000008f900000| Untracked |  0
|  58|0x000000008fa00000, 0x000000008fa00000, 0x000000008fb00000|  0%| F|  |TAMS 0x000000008fa00000| PB 0x000000008fa00000| Untracked |  0
|  59|0x000000008fb00000, 0x000000008fb00000, 0x000000008fc00000|  0%| F|  |TAMS 0x000000008fb00000| PB 0x000000008fb00000| Untracked |  0
|  60|0x000000008fc00000, 0x000000008fc00000, 0x000000008fd00000|  0%| F|  |TAMS 0x000000008fc00000| PB 0x000000008fc00000| Untracked |  0
|  61|0x000000008fd00000, 0x000000008fd00000, 0x000000008fe00000|  0%| F|  |TAMS 0x000000008fd00000| PB 0x000000008fd00000| Untracked |  0
|  62|0x000000008fe00000, 0x000000008fe00000, 0x000000008ff00000|  0%| F|  |TAMS 0x000000008fe00000| PB 0x000000008fe00000| Untracked |  0
|  63|0x000000008ff00000, 0x000000008ff00000, 0x0000000090000000|  0%| F|  |TAMS 0x000000008ff00000| PB 0x000000008ff00000| Untracked |  0
|  64|0x0000000090000000, 0x0000000090000000, 0x0000000090100000|  0%| F|  |TAMS 0x0000000090000000| PB 0x0000000090000000| Untracked |  0
|  65|0x0000000090100000, 0x0000000090100000, 0x0000000090200000|  0%| F|  |TAMS 0x0000000090100000| PB 0x0000000090100000| Untracked |  0
|  66|0x0000000090200000, 0x0000000090200000, 0x0000000090300000|  0%| F|  |TAMS 0x0000000090200000| PB 0x0000000090200000| Untracked |  0
|  67|0x0000000090300000, 0x0000000090300000, 0x0000000090400000|  0%| F|  |TAMS 0x0000000090300000| PB 0x0000000090300000| Untracked |  0
|  68|0x0000000090400000, 0x0000000090400000, 0x0000000090500000|  0%| F|  |TAMS 0x0000000090400000| PB 0x0000000090400000| Untracked |  0
|  69|0x0000000090500000, 0x0000000090500000, 0x0000000090600000|  0%| F|  |TAMS 0x0000000090500000| PB 0x0000000090500000| Untracked |  0
|  70|0x0000000090600000, 0x0000000090600000, 0x0000000090700000|  0%| F|  |TAMS 0x0000000090600000| PB 0x0000000090600000| Untracked |  0
|  71|0x0000000090700000, 0x0000000090700000, 0x0000000090800000|  0%| F|  |TAMS 0x0000000090700000| PB 0x0000000090700000| Untracked |  0
|  72|0x0000000090800000, 0x0000000090800000, 0x0000000090900000|  0%| F|  |TAMS 0x0000000090800000| PB 0x0000000090800000| Untracked |  0
|  73|0x0000000090900000, 0x0000000090900000, 0x0000000090a00000|  0%| F|  |TAMS 0x0000000090900000| PB 0x0000000090900000| Untracked |  0
|  74|0x0000000090a00000, 0x0000000090a00000, 0x0000000090b00000|  0%| F|  |TAMS 0x0000000090a00000| PB 0x0000000090a00000| Untracked |  0
|  75|0x0000000090b00000, 0x0000000090b00000, 0x0000000090c00000|  0%| F|  |TAMS 0x0000000090b00000| PB 0x0000000090b00000| Untracked |  0
|  76|0x0000000090c00000, 0x0000000090c00000, 0x0000000090d00000|  0%| F|  |TAMS 0x0000000090c00000| PB 0x0000000090c00000| Untracked |  0
|  77|0x0000000090d00000, 0x0000000090d00000, 0x0000000090e00000|  0%| F|  |TAMS 0x0000000090d00000| PB 0x0000000090d00000| Untracked |  0
|  78|0x0000000090e00000, 0x0000000090e00000, 0x0000000090f00000|  0%| F|  |TAMS 0x0000000090e00000| PB 0x0000000090e00000| Untracked |  0
|  79|0x0000000090f00000, 0x0000000090f99980, 0x0000000091000000| 59%| S|CS|TAMS 0x0000000090f00000| PB 0x0000000090f00000| Complete |  0
|  80|0x0000000091000000, 0x0000000091100000, 0x0000000091100000|100%| S|CS|TAMS 0x0000000091000000| PB 0x0000000091000000| Complete |  0
|  81|0x0000000091100000, 0x0000000091200000, 0x0000000091200000|100%| S|CS|TAMS 0x0000000091100000| PB 0x0000000091100000| Complete |  0
|  82|0x0000000091200000, 0x0000000091200000, 0x0000000091300000|  0%| F|  |TAMS 0x0000000091200000| PB 0x0000000091200000| Untracked |  0
|  83|0x0000000091300000, 0x0000000091300000, 0x0000000091400000|  0%| F|  |TAMS 0x0000000091300000| PB 0x0000000091300000| Untracked |  0
|  84|0x0000000091400000, 0x0000000091400000, 0x0000000091500000|  0%| F|  |TAMS 0x0000000091400000| PB 0x0000000091400000| Untracked |  0
|  85|0x0000000091500000, 0x0000000091500000, 0x0000000091600000|  0%| F|  |TAMS 0x0000000091500000| PB 0x0000000091500000| Untracked |  0
|  86|0x0000000091600000, 0x0000000091600000, 0x0000000091700000|  0%| F|  |TAMS 0x0000000091600000| PB 0x0000000091600000| Untracked |  0
|  87|0x0000000091700000, 0x0000000091700000, 0x0000000091800000|  0%| F|  |TAMS 0x0000000091700000| PB 0x0000000091700000| Untracked |  0
|  88|0x0000000091800000, 0x0000000091800000, 0x0000000091900000|  0%| F|  |TAMS 0x0000000091800000| PB 0x0000000091800000| Untracked |  0
|  89|0x0000000091900000, 0x0000000091900000, 0x0000000091a00000|  0%| F|  |TAMS 0x0000000091900000| PB 0x0000000091900000| Untracked |  0
|  90|0x0000000091a00000, 0x0000000091a00000, 0x0000000091b00000|  0%| F|  |TAMS 0x0000000091a00000| PB 0x0000000091a00000| Untracked |  0
|  91|0x0000000091b00000, 0x0000000091b00000, 0x0000000091c00000|  0%| F|  |TAMS 0x0000000091b00000| PB 0x0000000091b00000| Untracked |  0
|  92|0x0000000091c00000, 0x0000000091c00000, 0x0000000091d00000|  0%| F|  |TAMS 0x0000000091c00000| PB 0x0000000091c00000| Untracked |  0
|  93|0x0000000091d00000, 0x0000000091d00000, 0x0000000091e00000|  0%| F|  |TAMS 0x0000000091d00000| PB 0x0000000091d00000| Untracked |  0
|  94|0x0000000091e00000, 0x0000000091e00000, 0x0000000091f00000|  0%| F|  |TAMS 0x0000000091e00000| PB 0x0000000091e00000| Untracked |  0
|  95|0x0000000091f00000, 0x0000000091f00000, 0x0000000092000000|  0%| F|  |TAMS 0x0000000091f00000| PB 0x0000000091f00000| Untracked |  0
|  96|0x0000000092000000, 0x0000000092000000, 0x0000000092100000|  0%| F|  |TAMS 0x0000000092000000| PB 0x0000000092000000| Untracked |  0
|  97|0x0000000092100000, 0x0000000092100000, 0x0000000092200000|  0%| F|  |TAMS 0x0000000092100000| PB 0x0000000092100000| Untracked |  0
|  98|0x0000000092200000, 0x0000000092200000, 0x0000000092300000|  0%| F|  |TAMS 0x0000000092200000| PB 0x0000000092200000| Untracked |  0
|  99|0x0000000092300000, 0x0000000092300000, 0x0000000092400000|  0%| F|  |TAMS 0x0000000092300000| PB 0x0000000092300000| Untracked |  0
| 100|0x0000000092400000, 0x00000000924f9b20, 0x0000000092500000| 97%| E|  |TAMS 0x0000000092400000| PB 0x0000000092400000| Complete |  0
| 101|0x0000000092500000, 0x0000000092600000, 0x0000000092600000|100%| E|CS|TAMS 0x0000000092500000| PB 0x0000000092500000| Complete |  0
| 102|0x0000000092600000, 0x0000000092700000, 0x0000000092700000|100%| E|CS|TAMS 0x0000000092600000| PB 0x0000000092600000| Complete |  0
| 103|0x0000000092700000, 0x0000000092800000, 0x0000000092800000|100%| E|CS|TAMS 0x0000000092700000| PB 0x0000000092700000| Complete |  0
| 104|0x0000000092800000, 0x0000000092900000, 0x0000000092900000|100%| E|CS|TAMS 0x0000000092800000| PB 0x0000000092800000| Complete |  0
| 105|0x0000000092900000, 0x0000000092a00000, 0x0000000092a00000|100%| E|CS|TAMS 0x0000000092900000| PB 0x0000000092900000| Complete |  0
| 106|0x0000000092a00000, 0x0000000092b00000, 0x0000000092b00000|100%| E|CS|TAMS 0x0000000092a00000| PB 0x0000000092a00000| Complete |  0
| 107|0x0000000092b00000, 0x0000000092c00000, 0x0000000092c00000|100%| E|CS|TAMS 0x0000000092b00000| PB 0x0000000092b00000| Complete |  0
| 108|0x0000000092c00000, 0x0000000092d00000, 0x0000000092d00000|100%| E|CS|TAMS 0x0000000092c00000| PB 0x0000000092c00000| Complete |  0
| 109|0x0000000092d00000, 0x0000000092e00000, 0x0000000092e00000|100%| E|CS|TAMS 0x0000000092d00000| PB 0x0000000092d00000| Complete |  0
| 110|0x0000000092e00000, 0x0000000092f00000, 0x0000000092f00000|100%| E|CS|TAMS 0x0000000092e00000| PB 0x0000000092e00000| Complete |  0
| 111|0x0000000092f00000, 0x0000000093000000, 0x0000000093000000|100%| E|CS|TAMS 0x0000000092f00000| PB 0x0000000092f00000| Complete |  0
| 112|0x0000000093000000, 0x0000000093100000, 0x0000000093100000|100%| E|CS|TAMS 0x0000000093000000| PB 0x0000000093000000| Complete |  0
| 113|0x0000000093100000, 0x0000000093200000, 0x0000000093200000|100%| E|CS|TAMS 0x0000000093100000| PB 0x0000000093100000| Complete |  0
| 114|0x0000000093200000, 0x0000000093300000, 0x0000000093300000|100%| E|CS|TAMS 0x0000000093200000| PB 0x0000000093200000| Complete |  0
| 115|0x0000000093300000, 0x0000000093400000, 0x0000000093400000|100%| E|CS|TAMS 0x0000000093300000| PB 0x0000000093300000| Complete |  0

Card table byte_map: [0x000001b0fc920000,0x000001b0fccc0000] _byte_map_base: 0x000001b0fc4c0000

Marking Bits: (CMBitMap*) 0x000001b0f381b2e0
 Bits: [0x000001b0fccc0000, 0x000001b0fe9c0000)

Polling page: 0x000001b0f1f10000

Metaspace:

Usage:
  Non-class:     15.56 MB used.
      Class:      2.23 MB used.
       Both:     17.78 MB used.

Virtual space:
  Non-class space:       64.00 MB reserved,      15.75 MB ( 25%) committed,  1 nodes.
      Class space:        1.00 GB reserved,       2.38 MB ( <1%) committed,  1 nodes.
             Both:        1.06 GB reserved,      18.12 MB (  2%) committed. 

Chunk freelists:
   Non-Class:  15.72 MB
       Class:  13.50 MB
        Both:  29.22 MB

MaxMetaspaceSize: unlimited
CompressedClassSpaceSize: 1.00 GB
Initial GC threshold: 21.00 MB
Current GC threshold: 21.00 MB
CDS: on
 - commit_granule_bytes: 65536.
 - commit_granule_words: 8192.
 - virtual_space_node_default_size: 8388608.
 - enlarge_chunks_in_place: 1.
 - use_allocation_guard: 0.


Internal statistics:

num_allocs_failed_limit: 0.
num_arena_births: 314.
num_arena_deaths: 0.
num_vsnodes_births: 2.
num_vsnodes_deaths: 0.
num_space_committed: 290.
num_space_uncommitted: 0.
num_chunks_returned_to_freelist: 0.
num_chunks_taken_from_freelist: 938.
num_chunk_merges: 0.
num_chunk_splits: 623.
num_chunks_enlarged: 443.
num_inconsistent_stats: 0.

CodeHeap 'non-profiled nmethods': size=120000Kb used=891Kb max_used=891Kb free=119108Kb
 bounds [0x000001b087ad0000, 0x000001b087d40000, 0x000001b08f000000]
CodeHeap 'profiled nmethods': size=120000Kb used=4716Kb max_used=4716Kb free=115283Kb
 bounds [0x000001b080000000, 0x000001b0804a0000, 0x000001b087530000]
CodeHeap 'non-nmethods': size=5760Kb used=1445Kb max_used=1493Kb free=4314Kb
 bounds [0x000001b087530000, 0x000001b0877a0000, 0x000001b087ad0000]
 total_blobs=3079 nmethods=2549 adapters=434
 compilation: enabled
              stopped_count=0, restarted_count=0
 full_count=0

Compilation events (20 events):
Event: 4.096 Thread 0x000001b0d613ad20 2285       3       java.lang.invoke.DirectMethodHandle$Holder::invokeStatic (14 bytes)
Event: 4.096 Thread 0x000001b0d613ad20 nmethod 2285 0x000001b08042a110 code [0x000001b08042a2e0, 0x000001b08042a710]
Event: 4.098 Thread 0x000001b0d613ad20 2286       3       java.util.Properties::getProperty (50 bytes)
Event: 4.099 Thread 0x000001b0d613ad20 nmethod 2286 0x000001b08042a810 code [0x000001b08042a9e0, 0x000001b08042ae80]
Event: 4.099 Thread 0x000001b0d613ad20 2287       3       java.lang.invoke.LambdaForm$MH/0x000001b09210cc00::invoke (46 bytes)
Event: 4.099 Thread 0x000001b0d613ad20 nmethod 2287 0x000001b08042af90 code [0x000001b08042b160, 0x000001b08042b718]
Event: 4.099 Thread 0x000001b0d613ad20 2288       3       java.lang.invoke.LambdaForm$MH/0x000001b09210d400::invoke (110 bytes)
Event: 4.100 Thread 0x000001b0d613ad20 nmethod 2288 0x000001b08042b890 code [0x000001b08042bac0, 0x000001b08042c810]
Event: 4.106 Thread 0x000001b0d613ad20 2290       3       java.util.ArrayDeque::poll (5 bytes)
Event: 4.107 Thread 0x000001b0d613ad20 nmethod 2290 0x000001b08042cb90 code [0x000001b08042cd40, 0x000001b08042cf00]
Event: 4.108 Thread 0x000001b0d613ad20 2291       3       java.lang.invoke.LambdaForm$MH/0x000001b09201a800::invoke (27 bytes)
Event: 4.108 Thread 0x000001b0d613ad20 nmethod 2291 0x000001b08042cf90 code [0x000001b08042d140, 0x000001b08042d588]
Event: 4.108 Thread 0x000001b0d613ad20 2293       3       java.lang.StringBuilder::<init> (6 bytes)
Event: 4.108 Thread 0x000001b0d613ad20 nmethod 2293 0x000001b08042d690 code [0x000001b08042d840, 0x000001b08042d978]
Event: 4.108 Thread 0x000001b0d613ad20 2292       3       java.lang.StringConcatHelper::newArrayWithSuffix (40 bytes)
Event: 4.109 Thread 0x000001b0d613ad20 nmethod 2292 0x000001b08042da10 code [0x000001b08042dc20, 0x000001b08042e198]
Event: 4.110 Thread 0x000001b0d613ad20 2294       3       java.lang.NamedPackage::<init> (59 bytes)
Event: 4.111 Thread 0x000001b0d613ad20 nmethod 2294 0x000001b08042e390 code [0x000001b08042e620, 0x000001b08042f078]
Event: 7.194 Thread 0x000001b0d613ad20 2296       3       org.springframework.util.StringUtils::delimitedListToStringArray (164 bytes)
Event: 8.198 Thread 0x000001b0d613ad20 nmethod 2296 0x000001b08042f490 code [0x000001b08042f880, 0x000001b0804315c8]

GC Heap History (4 events):
Event: 2.802 GC heap before
{Heap before GC invocations=0 (full 0):
 garbage-first heap   total reserved 1900544K, committed 118784K, used 23552K [0x000000008c000000, 0x0000000100000000)
  region size 1024K, 24 young (24576K), 0 survivors (0K)
 Metaspace       used 7046K, committed 7360K, reserved 1114112K
  class space    used 871K, committed 1024K, reserved 1048576K
}
Event: 2.813 GC heap after
{Heap after GC invocations=1 (full 0):
 garbage-first heap   total reserved 1900544K, committed 118784K, used 5056K [0x000000008c000000, 0x0000000100000000)
  region size 1024K, 3 young (3072K), 3 survivors (3072K)
 Metaspace       used 7046K, committed 7360K, reserved 1114112K
  class space    used 871K, committed 1024K, reserved 1048576K
}
Event: 3.770 GC heap before
{Heap before GC invocations=1 (full 0):
 garbage-first heap   total reserved 1900544K, committed 118784K, used 35776K [0x000000008c000000, 0x0000000100000000)
  region size 1024K, 34 young (34816K), 3 survivors (3072K)
 Metaspace       used 15417K, committed 15744K, reserved 1114112K
  class space    used 1941K, committed 2048K, reserved 1048576K
}
Event: 3.779 GC heap after
{Heap after GC invocations=2 (full 0):
 garbage-first heap   total reserved 1900544K, committed 118784K, used 7590K [0x000000008c000000, 0x0000000100000000)
  region size 1024K, 3 young (3072K), 3 survivors (3072K)
 Metaspace       used 15417K, committed 15744K, reserved 1114112K
  class space    used 1941K, committed 2048K, reserved 1048576K
}

Dll operation events (12 events):
Event: 0.031 Loaded shared library C:\Program Files\Java\jdk-22\bin\java.dll
Event: 1.094 Loaded shared library C:\Program Files\Java\jdk-22\bin\jsvml.dll
Event: 1.240 Loaded shared library C:\Program Files\Java\jdk-22\bin\zip.dll
Event: 1.248 Loaded shared library C:\Program Files\Java\jdk-22\bin\instrument.dll
Event: 1.259 Loaded shared library C:\Program Files\Java\jdk-22\bin\net.dll
Event: 1.264 Loaded shared library C:\Program Files\Java\jdk-22\bin\nio.dll
Event: 1.271 Loaded shared library C:\Program Files\Java\jdk-22\bin\zip.dll
Event: 1.454 Loaded shared library C:\Program Files\JetBrains\IntelliJ IDEA Community Edition 2024.3.3\bin\breakgen64.dll
Event: 1.471 Loaded shared library C:\Program Files\Java\jdk-22\bin\extnet.dll
Event: 1.563 Loaded shared library C:\Program Files\Java\jdk-22\bin\jimage.dll
Event: 3.143 Loaded shared library C:\Program Files\Java\jdk-22\bin\le.dll
Event: 3.943 Loaded shared library C:\Program Files\Java\jdk-22\bin\sunmscapi.dll

Deoptimization events (20 events):
Event: 4.058 Thread 0x000001b0f1da5900 DEOPT PACKING pc=0x000001b080189ee1 sp=0x0000000fcf4fe630
Event: 4.058 Thread 0x000001b0f1da5900 DEOPT UNPACKING pc=0x000001b087584e42 sp=0x0000000fcf4fdb28 mode 0
Event: 4.059 Thread 0x000001b0f1da5900 DEOPT PACKING pc=0x000001b080189ee1 sp=0x0000000fcf4fe630
Event: 4.059 Thread 0x000001b0f1da5900 DEOPT UNPACKING pc=0x000001b087584e42 sp=0x0000000fcf4fdb28 mode 0
Event: 4.060 Thread 0x000001b0f1da5900 DEOPT PACKING pc=0x000001b080189ee1 sp=0x0000000fcf4fe630
Event: 4.060 Thread 0x000001b0f1da5900 DEOPT UNPACKING pc=0x000001b087584e42 sp=0x0000000fcf4fdb28 mode 0
Event: 4.060 Thread 0x000001b0f1da5900 DEOPT PACKING pc=0x000001b080189ee1 sp=0x0000000fcf4fe600
Event: 4.060 Thread 0x000001b0f1da5900 DEOPT UNPACKING pc=0x000001b087584e42 sp=0x0000000fcf4fdaf0 mode 0
Event: 4.061 Thread 0x000001b0f1da5900 DEOPT PACKING pc=0x000001b080189ee1 sp=0x0000000fcf4fe600
Event: 4.061 Thread 0x000001b0f1da5900 DEOPT UNPACKING pc=0x000001b087584e42 sp=0x0000000fcf4fdaf0 mode 0
Event: 4.061 Thread 0x000001b0f1da5900 DEOPT PACKING pc=0x000001b080189ee1 sp=0x0000000fcf4fe600
Event: 4.061 Thread 0x000001b0f1da5900 DEOPT UNPACKING pc=0x000001b087584e42 sp=0x0000000fcf4fdaf0 mode 0
Event: 4.062 Thread 0x000001b0f1da5900 DEOPT PACKING pc=0x000001b080189ee1 sp=0x0000000fcf4fe600
Event: 4.062 Thread 0x000001b0f1da5900 DEOPT UNPACKING pc=0x000001b087584e42 sp=0x0000000fcf4fdaf0 mode 0
Event: 4.062 Thread 0x000001b0f1da5900 DEOPT PACKING pc=0x000001b080189ee1 sp=0x0000000fcf4fe600
Event: 4.062 Thread 0x000001b0f1da5900 DEOPT UNPACKING pc=0x000001b087584e42 sp=0x0000000fcf4fdaf0 mode 0
Event: 4.062 Thread 0x000001b0f1da5900 DEOPT PACKING pc=0x000001b080189ee1 sp=0x0000000fcf4fe600
Event: 4.062 Thread 0x000001b0f1da5900 DEOPT UNPACKING pc=0x000001b087584e42 sp=0x0000000fcf4fdaf0 mode 0
Event: 4.084 Thread 0x000001b0f1da5900 DEOPT PACKING pc=0x000001b0803f59e7 sp=0x0000000fcf4fd6d0
Event: 4.084 Thread 0x000001b0f1da5900 DEOPT UNPACKING pc=0x000001b087584e42 sp=0x0000000fcf4fcbb8 mode 0

Classes loaded (20 events):
Event: 3.927 Loading class javax/security/auth/Subject
Event: 3.927 Loading class javax/security/auth/Subject done
Event: 3.927 Loading class javax/security/auth/callback/CallbackHandler
Event: 3.927 Loading class javax/security/auth/callback/CallbackHandler done
Event: 3.945 Loading class com/sun/security/sasl/Provider
Event: 3.946 Loading class com/sun/security/sasl/Provider done
Event: 3.946 Loading class com/sun/security/sasl/Provider$1
Event: 3.946 Loading class com/sun/security/sasl/Provider$1 done
Event: 3.946 Loading class com/sun/security/sasl/Provider$ProviderService
Event: 3.946 Loading class com/sun/security/sasl/Provider$ProviderService done
Event: 3.947 Loading class sun/security/provider/certpath/ldap/JdkLDAP
Event: 3.947 Loading class sun/security/provider/certpath/ldap/JdkLDAP done
Event: 3.948 Loading class sun/security/provider/certpath/ldap/JdkLDAP$ProviderService
Event: 3.948 Loading class sun/security/provider/certpath/ldap/JdkLDAP$ProviderService done
Event: 4.068 Loading class java/lang/Thread$ThreadNumbering
Event: 4.068 Loading class java/lang/Thread$ThreadNumbering done
Event: 4.091 Loading class javax/naming/ldap/LdapContext
Event: 4.091 Loading class javax/naming/directory/DirContext
Event: 4.092 Loading class javax/naming/directory/DirContext done
Event: 4.092 Loading class javax/naming/ldap/LdapContext done

Classes unloaded (0 events):
No events

Classes redefined (0 events):
No events

Internal exceptions (20 events):
Event: 3.060 Thread 0x000001b0f1da5900 Exception <a 'java/lang/NoSuchMethodError'{0x00000000930fd3f0}: 'java.lang.reflect.Field[] java.lang.Class.getDeclaredFields(java.lang.Class)'> (0x00000000930fd3f0) 
thrown [s\open\src\hotspot\share\interpreter\linkResolver.cpp, line 774]
Event: 3.062 Thread 0x000001b0f1da5900 Exception <a 'java/lang/NoSuchMethodError'{0x0000000092f29b18}: 'java.lang.Object java.lang.invoke.DirectMethodHandle$Holder.invokeStatic(java.lang.Object, java.lang.Object, int)'> (0x0000000092f29b18) 
thrown [s\open\src\hotspot\share\interpreter\linkResolver.cpp, line 774]
Event: 3.065 Thread 0x000001b0f1da5900 Exception <a 'java/lang/NoSuchMethodError'{0x0000000092f34c88}: 'void java.lang.invoke.DelegatingMethodHandle$Holder.delegate(java.lang.Object, java.lang.Object, int, java.lang.Object)'> (0x0000000092f34c88) 
thrown [s\open\src\hotspot\share\interpreter\linkResolver.cpp, line 774]
Event: 3.095 Thread 0x000001b0f1da5900 Exception <a 'java/lang/IncompatibleClassChangeError'{0x0000000092e71398}: Found class java.lang.Object, but interface was expected> (0x0000000092e71398) 
thrown [s\open\src\hotspot\share\interpreter\linkResolver.cpp, line 841]
Event: 3.104 Thread 0x000001b0f1da5900 Exception <a 'java/lang/NoSuchMethodError'{0x0000000092e863b0}: 'java.lang.Object java.lang.invoke.DirectMethodHandle$Holder.invokeStaticInit(java.lang.Object, int)'> (0x0000000092e863b0) 
thrown [s\open\src\hotspot\share\interpreter\linkResolver.cpp, line 774]
Event: 3.109 Thread 0x000001b0f1da5900 Exception <a 'java/lang/NoSuchMethodError'{0x0000000092e90848}: 'java.lang.Object java.lang.invoke.DirectMethodHandle$Holder.invokeStatic(java.lang.Object, int, java.lang.Object)'> (0x0000000092e90848) 
thrown [s\open\src\hotspot\share\interpreter\linkResolver.cpp, line 774]
Event: 3.110 Thread 0x000001b0f1da5900 Exception <a 'java/lang/NoSuchMethodError'{0x0000000092e93ec8}: 'java.lang.Object java.lang.invoke.DirectMethodHandle$Holder.invokeStaticInit(java.lang.Object, int, java.lang.Object)'> (0x0000000092e93ec8) 
thrown [s\open\src\hotspot\share\interpreter\linkResolver.cpp, line 774]
Event: 3.129 Thread 0x000001b0f1da5900 Exception <a 'sun/nio/fs/WindowsException'{0x0000000092d9dba0}> (0x0000000092d9dba0) 
thrown [s\open\src\hotspot\share\prims\jni.cpp, line 520]
Event: 3.146 Thread 0x000001b0f1da5900 Exception <a 'jdk/internal/org/jline/terminal/impl/jna/LastErrorException'{0x0000000092daa2a8}> (0x0000000092daa2a8) 
thrown [s\open\src\hotspot\share\prims\jni.cpp, line 520]
Event: 3.146 Thread 0x000001b0f1da5900 Exception <a 'jdk/internal/org/jline/terminal/impl/jna/LastErrorException'{0x0000000092daa968}> (0x0000000092daa968) 
thrown [s\open\src\hotspot\share\prims\jni.cpp, line 520]
Event: 3.146 Thread 0x000001b0f1da5900 Exception <a 'jdk/internal/org/jline/terminal/impl/jna/LastErrorException'{0x0000000092daafd8}> (0x0000000092daafd8) 
thrown [s\open\src\hotspot\share\prims\jni.cpp, line 520]
Event: 3.276 Thread 0x000001b0f1da5900 Exception <a 'java/lang/NoSuchMethodError'{0x00000000928f3d98}: 'int java.lang.invoke.DirectMethodHandle$Holder.invokeVirtual(java.lang.Object, java.lang.Object)'> (0x00000000928f3d98) 
thrown [s\open\src\hotspot\share\interpreter\linkResolver.cpp, line 774]
Event: 3.706 Thread 0x000001b0d6b8e760 Exception <a 'java/lang/NoSuchMethodError'{0x00000000914ffb58}: 'long java.lang.invoke.DirectMethodHandle$Holder.invokeSpecial(java.lang.Object, java.lang.Object)'> (0x00000000914ffb58) 
thrown [s\open\src\hotspot\share\interpreter\linkResolver.cpp, line 774]
Event: 3.709 Thread 0x000001b0d6b8e760 Exception <a 'java/lang/NoSuchMethodError'{0x000000009130c5a8}: 'long java.lang.invoke.DirectMethodHandle$Holder.invokeStatic(java.lang.Object, java.lang.Object)'> (0x000000009130c5a8) 
thrown [s\open\src\hotspot\share\interpreter\linkResolver.cpp, line 774]
Event: 3.710 Thread 0x000001b0d6b8e760 Exception <a 'java/lang/NoSuchMethodError'{0x000000009130f690}: 'long java.lang.invoke.DirectMethodHandle$Holder.invokeStaticInit(java.lang.Object, java.lang.Object)'> (0x000000009130f690) 
thrown [s\open\src\hotspot\share\interpreter\linkResolver.cpp, line 774]
Event: 3.713 Thread 0x000001b0d6b8e760 Exception <a 'java/lang/NoSuchMethodError'{0x000000009131b890}: 'long java.lang.invoke.DirectMethodHandle$Holder.invokeInterface(java.lang.Object, java.lang.Object)'> (0x000000009131b890) 
thrown [s\open\src\hotspot\share\interpreter\linkResolver.cpp, line 774]
Event: 3.714 Thread 0x000001b0d6b8e760 Exception <a 'java/lang/IncompatibleClassChangeError'{0x000000009131e8a0}: Found class java.lang.Object, but interface was expected> (0x000000009131e8a0) 
thrown [s\open\src\hotspot\share\interpreter\linkResolver.cpp, line 841]
Event: 3.721 Thread 0x000001b0d6b8e760 Exception <a 'java/lang/NoSuchMethodError'{0x000000009139c3d8}: 'java.lang.Object java.lang.invoke.DirectMethodHandle$Holder.invokeVirtual(java.lang.Object, java.lang.Object, java.lang.Object, java.lang.Object)'> (0x000000009139c3d8) 
thrown [s\open\src\hotspot\share\interpreter\linkResolver.cpp, line 774]
Event: 3.864 Thread 0x000001b0f1da5900 Exception <a 'java/lang/NoSuchMethodError'{0x000000009319c150}: 'int java.lang.invoke.DirectMethodHandle$Holder.invokeSpecial(java.lang.Object, java.lang.Object, java.lang.Object, java.lang.Object, java.lang.Object)'> (0x000000009319c150) 
thrown [s\open\src\hotspot\share\interpreter\linkResolver.cpp, line 774]
Event: 3.867 Thread 0x000001b0f1da5900 Exception <a 'java/lang/NoSuchMethodError'{0x00000000931a4740}: 'void java.lang.invoke.DirectMethodHandle$Holder.invokeVirtual(java.lang.Object, java.lang.Object)'> (0x00000000931a4740) 
thrown [s\open\src\hotspot\share\interpreter\linkResolver.cpp, line 774]

ZGC Phase Switch (0 events):
No events

VM Operations (20 events):
Event: 3.037 Executing VM operation: HandshakeAllThreads (Deoptimize)
Event: 3.037 Executing VM operation: HandshakeAllThreads (Deoptimize) done
Event: 3.038 Executing VM operation: HandshakeAllThreads (Deoptimize)
Event: 3.038 Executing VM operation: HandshakeAllThreads (Deoptimize) done
Event: 3.061 Executing VM operation: HandshakeAllThreads (Deoptimize)
Event: 3.061 Executing VM operation: HandshakeAllThreads (Deoptimize) done
Event: 3.336 Executing VM operation: HandshakeAllThreads (Deoptimize)
Event: 3.336 Executing VM operation: HandshakeAllThreads (Deoptimize) done
Event: 3.418 Executing VM operation: ICBufferFull
Event: 3.418 Executing VM operation: ICBufferFull done
Event: 3.770 Executing VM operation: G1CollectForAllocation (G1 Evacuation Pause)
Event: 3.779 Executing VM operation: G1CollectForAllocation (G1 Evacuation Pause) done
Event: 3.818 Executing VM operation: HandshakeAllThreads (Deoptimize)
Event: 3.818 Executing VM operation: HandshakeAllThreads (Deoptimize) done
Event: 3.833 Executing VM operation: HandshakeAllThreads (Deoptimize)
Event: 3.833 Executing VM operation: HandshakeAllThreads (Deoptimize) done
Event: 3.892 Executing VM operation: HandshakeAllThreads (Deoptimize)
Event: 3.893 Executing VM operation: HandshakeAllThreads (Deoptimize) done
Event: 4.900 Executing VM operation: Cleanup
Event: 4.900 Executing VM operation: Cleanup done

Memory protections (0 events):
No events

Nmethod flushes (0 events):
No events

Events (17 events):
Event: 1.068 Thread 0x000001b0f1da5900 Thread added: 0x000001b0f1da5900
Event: 1.090 Thread 0x000001b0f1da5900 Thread added: 0x000001b0d6121b40
Event: 1.090 Thread 0x000001b0f1da5900 Thread added: 0x000001b0d61227a0
Event: 1.090 Thread 0x000001b0f1da5900 Thread added: 0x000001b0d6125c20
Event: 1.090 Thread 0x000001b0f1da5900 Thread added: 0x000001b0d6126a30
Event: 1.091 Thread 0x000001b0f1da5900 Thread added: 0x000001b0d6127490
Event: 1.091 Thread 0x000001b0f1da5900 Thread added: 0x000001b0d6128020
Event: 1.091 Thread 0x000001b0f1da5900 Thread added: 0x000001b0d6139650
Event: 1.091 Thread 0x000001b0f1da5900 Thread added: 0x000001b0d613ad20
Event: 1.203 Thread 0x000001b0f1da5900 Thread added: 0x000001b0d62333b0
Event: 1.455 Thread 0x000001b0f1da5900 Thread added: 0x000001b0d64f1270
Event: 1.455 Thread 0x000001b0f1da5900 Thread added: 0x000001b0d63faf50
Event: 2.768 Thread 0x000001b0d613ad20 Thread added: 0x000001b0d6dee460
Event: 3.052 Thread 0x000001b0f1da5900 Thread added: 0x000001b0d6b8e760
Event: 3.953 Thread 0x000001b0d6b8e760 Thread exited: 0x000001b0d6b8e760
Event: 4.068 Thread 0x000001b0f1da5900 Thread added: 0x000001b0d70b8820
Event: 4.111 Thread 0x000001b0d70b8820 Thread exited: 0x000001b0d70b8820


Dynamic libraries:
0x00007ff638450000 - 0x00007ff638460000 	C:\Program Files\Java\jdk-22\bin\java.exe
0x00007ffbe30e0000 - 0x00007ffbe3346000 	C:\WINDOWS\SYSTEM32\ntdll.dll
0x00007ffbe1d00000 - 0x00007ffbe1dc9000 	C:\WINDOWS\System32\KERNEL32.DLL
0x00007ffbe08a0000 - 0x00007ffbe0c6c000 	C:\WINDOWS\System32\KERNELBASE.dll
0x00007ffbe05d0000 - 0x00007ffbe071b000 	C:\WINDOWS\System32\ucrtbase.dll
0x00007ffbdafb0000 - 0x00007ffbdafc7000 	C:\Program Files\Java\jdk-22\bin\jli.dll
0x00007ffbdaf90000 - 0x00007ffbdafab000 	C:\Program Files\Java\jdk-22\bin\VCRUNTIME140.dll
0x00007ffbe17d0000 - 0x00007ffbe199a000 	C:\WINDOWS\System32\USER32.dll
0x00007ffbe07b0000 - 0x00007ffbe07d7000 	C:\WINDOWS\System32\win32u.dll
0x00007ffbe28c0000 - 0x00007ffbe28eb000 	C:\WINDOWS\System32\GDI32.dll
0x00007ffbbe670000 - 0x00007ffbbe90a000 	C:\WINDOWS\WinSxS\amd64_microsoft.windows.common-controls_6595b64144ccf1df_6.0.26100.3912_none_3e07963ce335137e\COMCTL32.dll
0x00007ffbe1720000 - 0x00007ffbe17c9000 	C:\WINDOWS\System32\msvcrt.dll
0x00007ffbe0270000 - 0x00007ffbe03a2000 	C:\WINDOWS\System32\gdi32full.dll
0x00007ffbe0c70000 - 0x00007ffbe0d13000 	C:\WINDOWS\System32\msvcp_win.dll
0x00007ffbe1620000 - 0x00007ffbe1650000 	C:\WINDOWS\System32\IMM32.DLL
0x0000000059060000 - 0x000000005906c000 	C:\Program Files (x86)\360\Total Security\safemon\SafeWrapper.dll
0x00007ffbe2a40000 - 0x00007ffbe2af2000 	C:\WINDOWS\System32\ADVAPI32.dll
0x00007ffbe1670000 - 0x00007ffbe1716000 	C:\WINDOWS\System32\sechost.dll
0x00007ffbe1be0000 - 0x00007ffbe1cf6000 	C:\WINDOWS\System32\RPCRT4.dll
0x00007ffb6f350000 - 0x00007ffb6f3fc000 	C:\Program Files (x86)\360\Total Security\safemon\libzdtp64.dll
0x00007ffbe0ea0000 - 0x00007ffbe15cd000 	C:\WINDOWS\System32\SHELL32.dll
0x00007ffbe0d20000 - 0x00007ffbe0e94000 	C:\WINDOWS\System32\wintypes.dll
0x00007ffbe2b00000 - 0x00007ffbe2e84000 	C:\WINDOWS\System32\combase.dll
0x00007ffbe27c0000 - 0x00007ffbe2829000 	C:\WINDOWS\System32\SHLWAPI.dll
0x00007ffbd4270000 - 0x00007ffbd427b000 	C:\WINDOWS\SYSTEM32\VERSION.dll
0x00007ffbdb600000 - 0x00007ffbdb60c000 	C:\Program Files\Java\jdk-22\bin\vcruntime140_1.dll
0x00007ffbb9110000 - 0x00007ffbb919e000 	C:\Program Files\Java\jdk-22\bin\msvcp140.dll
0x00007ffb9afa0000 - 0x00007ffb9bce9000 	C:\Program Files\Java\jdk-22\bin\server\jvm.dll
0x00007ffbe29a0000 - 0x00007ffbe2a14000 	C:\WINDOWS\System32\WS2_32.dll
0x00007ffbd5f40000 - 0x00007ffbd5f76000 	C:\WINDOWS\SYSTEM32\WINMM.dll
0x00007ffbe0010000 - 0x00007ffbe006e000 	C:\WINDOWS\SYSTEM32\POWRPROF.dll
0x00007ffbdfee0000 - 0x00007ffbdfef4000 	C:\WINDOWS\SYSTEM32\UMPDC.dll
0x00007ffbdf030000 - 0x00007ffbdf04a000 	C:\WINDOWS\SYSTEM32\kernel.appcore.dll
0x00007ffbdaf80000 - 0x00007ffbdaf8a000 	C:\Program Files\Java\jdk-22\bin\jimage.dll
0x00007ffbd0c80000 - 0x00007ffbd0ec1000 	C:\WINDOWS\SYSTEM32\DBGHELP.DLL
0x00007ffbe26c0000 - 0x00007ffbe27a0000 	C:\WINDOWS\System32\OLEAUT32.dll
0x00007ffbbbc20000 - 0x00007ffbbbc59000 	C:\WINDOWS\SYSTEM32\dbgcore.DLL
0x00007ffbe0530000 - 0x00007ffbe05c9000 	C:\WINDOWS\System32\bcryptPrimitives.dll
0x00007ffbcdb90000 - 0x00007ffbcdb9f000 	C:\Program Files\Java\jdk-22\bin\instrument.dll
0x00007ffbcdb70000 - 0x00007ffbcdb8e000 	C:\Program Files\Java\jdk-22\bin\java.dll
0x00007ffbe2510000 - 0x00007ffbe26af000 	C:\WINDOWS\System32\ole32.dll
0x00007ffbddee0000 - 0x00007ffbde736000 	C:\WINDOWS\SYSTEM32\windows.storage.dll
0x00007ffbe1dd0000 - 0x00007ffbe1ebf000 	C:\WINDOWS\System32\SHCORE.dll
0x00007ffbe0180000 - 0x00007ffbe01af000 	C:\WINDOWS\SYSTEM32\profapi.dll
0x00007ffbb9030000 - 0x00007ffbb9107000 	C:\Program Files\Java\jdk-22\bin\jsvml.dll
0x00007ffbcdb50000 - 0x00007ffbcdb67000 	C:\Program Files\Java\jdk-22\bin\zip.dll
0x00007ffbcdbc0000 - 0x00007ffbcdbd0000 	C:\Program Files\Java\jdk-22\bin\net.dll
0x00007ffbdf5a0000 - 0x00007ffbdf60a000 	C:\WINDOWS\system32\mswsock.dll
0x00007ffbcdba0000 - 0x00007ffbcdbb6000 	C:\Program Files\Java\jdk-22\bin\nio.dll
0x00007ffbbee00000 - 0x00007ffbbee1a000 	C:\Program Files\JetBrains\IntelliJ IDEA Community Edition 2024.3.3\bin\breakgen64.dll
0x00007ffbc4390000 - 0x00007ffbc4399000 	C:\Program Files\Java\jdk-22\bin\extnet.dll
0x00007ffbbe610000 - 0x00007ffbbe61b000 	C:\Program Files\Java\jdk-22\bin\le.dll
0x00007ffbc0230000 - 0x00007ffbc023e000 	C:\Program Files\Java\jdk-22\bin\sunmscapi.dll
0x00007ffbe03b0000 - 0x00007ffbe0527000 	C:\WINDOWS\System32\CRYPT32.dll
0x00007ffbdfa50000 - 0x00007ffbdfa80000 	C:\WINDOWS\SYSTEM32\ncrypt.dll
0x00007ffbdfa00000 - 0x00007ffbdfa3f000 	C:\WINDOWS\SYSTEM32\NTASN1.dll

dbghelp: loaded successfully - version: 4.0.5 - missing functions: none
symbol engine: initialized successfully - sym options: 0x614 - pdb path: .;C:\Program Files\Java\jdk-22\bin;C:\WINDOWS\SYSTEM32;C:\WINDOWS\WinSxS\amd64_microsoft.windows.common-controls_6595b64144ccf1df_6.0.26100.3912_none_3e07963ce335137e;C:\Program Files (x86)\360\Total Security\safemon;C:\Program Files\Java\jdk-22\bin\server;C:\Program Files\JetBrains\IntelliJ IDEA Community Edition 2024.3.3\bin

VM Arguments:
jvm_args: -javaagent:C:\Program Files\JetBrains\IntelliJ IDEA Community Edition 2024.3.3\lib\idea_rt.jar=53408:C:\Program Files\JetBrains\IntelliJ IDEA Community Edition 2024.3.3\bin -Dfile.encoding=UTF-8 -Dsun.stdout.encoding=UTF-8 -Dsun.stderr.encoding=UTF-8 
java_command: com.WeddingPlanning.Backend.BackendApplication
java_class_path (initial): C:\Users\ilmaf\OneDrive\Desktop\oop project\Wedding-Planning\Backend\target\classes;C:\Users\ilmaf\.m2\repository\org\springframework\boot\spring-boot-starter-thymeleaf\3.4.5\spring-boot-starter-thymeleaf-3.4.5.jar;C:\Users\ilmaf\.m2\repository\org\springframework\boot\spring-boot-starter\3.4.5\spring-boot-starter-3.4.5.jar;C:\Users\ilmaf\.m2\repository\org\springframework\boot\spring-boot\3.4.5\spring-boot-3.4.5.jar;C:\Users\ilmaf\.m2\repository\org\springframework\boot\spring-boot-autoconfigure\3.4.5\spring-boot-autoconfigure-3.4.5.jar;C:\Users\ilmaf\.m2\repository\org\springframework\boot\spring-boot-starter-logging\3.4.5\spring-boot-starter-logging-3.4.5.jar;C:\Users\ilmaf\.m2\repository\ch\qos\logback\logback-classic\1.5.18\logback-classic-1.5.18.jar;C:\Users\ilmaf\.m2\repository\ch\qos\logback\logback-core\1.5.18\logback-core-1.5.18.jar;C:\Users\ilmaf\.m2\repository\org\apache\logging\log4j\log4j-to-slf4j\2.24.3\log4j-to-slf4j-2.24.3.jar;C:\Users\ilmaf\.m2\repository\org\apache\logging\log4j\log4j-api\2.24.3\log4j-api-2.24.3.jar;C:\Users\ilmaf\.m2\repository\org\slf4j\jul-to-slf4j\2.0.17\jul-to-slf4j-2.0.17.jar;C:\Users\ilmaf\.m2\repository\jakarta\annotation\jakarta.annotation-api\2.1.1\jakarta.annotation-api-2.1.1.jar;C:\Users\ilmaf\.m2\repository\org\yaml\snakeyaml\2.3\snakeyaml-2.3.jar;C:\Users\ilmaf\.m2\repository\org\thymeleaf\thymeleaf-spring6\3.1.3.RELEASE\thymeleaf-spring6-3.1.3.RELEASE.jar;C:\Users\ilmaf\.m2\repository\org\thymeleaf\thymeleaf\3.1.3.RELEASE\thymeleaf-3.1.3.RELEASE.jar;C:\Users\ilmaf\.m2\repository\org\attoparser\attoparser\2.0.7.RELEASE\attoparser-2.0.7.RELEASE.jar;C:\Users\ilmaf\.m2\repository\org\unbescape\unbescape\1.1.6.RELEASE\unbescape-1.1.6.RELEASE.jar;C:\Users\ilmaf\.m2\repository\org\slf4j\slf4j-api\2.0.17\slf4j-api-2.0.17.jar;C:\Users\ilmaf\.m2\repository\org\springframework\boot\spring-boot-starter-web\3.4.5\spring-boot-starter-web-3.4.5.jar;C:\Users\ilmaf\.m2\repository\org\springframework\boot\spring-boot-starter-json\3.4.5\spring-boot-starter-json-3.4.5.jar;C:\Users\ilmaf\.m2\repository\com\fasterxml\jackson\core\jackson-databind\2.18.3\jackson-databind-2.18.3.jar;C:\Users\ilmaf\.m2\repository\com\fasterxml\jackson\core\jackson-annotations\2.18.3\jackson-annotations-2.18.3.jar;C:\Users\ilmaf\.m2\repository\com\fasterxml\jackson\core\jackson-core\2.18.3\jackson-core-2.18.3.jar;C:\Users\ilmaf\.m2\repository\com\fasterxml\jackson\datatype\jackson-datatype-jdk8\2.18.3\jackson-datatype-jdk8-2.18.3.jar;C:\Users\ilmaf\.m2\repository\com\fasterxml\jackson\datatype\jackson-datatype-jsr310\2.18.3\jackson-datatype-jsr310-2.18.3.jar;C:\Users\ilmaf\.m2\repository\com\fasterxml\jackson\module\jackson-module-parameter-names\2.18.3\jackson-module-parameter-names-2.18.3.jar;C:\Users\ilmaf\.m2\repository\org\springframework\boot\spring-boot-starter-tomcat\3.4.5\spring-boot-starter-tomcat-3.4.5.jar;C:\Users\ilmaf\.m2\repository\org\apache\tomcat\embed\tomcat-embed-core\10.1.40\tomcat-embed-core-10.1.40.jar;C:\Users\ilmaf\.m2\repository\org\apache\tomcat\embed\tomcat-embed-el\10.1.40\tomcat-embed-el-10.1.40.jar;C:\Users\ilmaf\.m2\repository\org\apache\tomcat\embed\tomcat-embed-websocket\10.1.40\tomcat-embed-websocket-10.1.40.jar;C:\Users\ilmaf\.m2\repository\org\springframework\spring-web\6.2.6\spring-web-6.2.6.jar;C:\Users\ilmaf\.m2\repository\org\springframework\spring-beans\6.2.6\spring-beans-6.2.6.jar;C:\Users\ilmaf\.m2\repository\io\micrometer\micrometer-observation\1.14.6\micrometer-observation-1.14.6.jar;C:\Users\ilmaf\.m2\repository\io\micrometer\micrometer-commons\1.14.6\micrometer-commons-1.14.6.jar;C:\Users\ilmaf\.m2\repository\org\springframework\spring-webmvc\6.2.6\spring-webmvc-6.2.6.jar;C:\Users\ilmaf\.m2\repository\org\springframework\spring-aop\6.2.6\spring-aop-6.2.6.jar;C:\Users\ilmaf\.m2\repository\org\springframework\spring-context\6.2.6\spring-context-6.2.6.jar;C:\Users\ilmaf\.m2\repository\org\springframework\spring-expression\6.2.6\spring-expression-6.2.6.jar;C:\Users\ilmaf\.m2\repository\org\projectlombok\lombok\1.18.38\lombok-1.18.38.jar;C:\Users\ilmaf\.m2\repository\org\springframework\spring-core\6.2.6\spring-core-6.2.6.jar;C:\Users\ilmaf\.m2\repository\org\springframework\spring-jcl\6.2.6\spring-jcl-6.2.6.jar
Launcher Type: SUN_STANDARD

[Global flags]
     intx CICompilerCount                          = 4                                         {product} {ergonomic}
     uint ConcGCThreads                            = 2                                         {product} {ergonomic}
     uint G1ConcRefinementThreads                  = 8                                         {product} {ergonomic}
   size_t G1HeapRegionSize                         = 1048576                                   {product} {ergonomic}
   size_t InitialHeapSize                          = 121634816                                 {product} {ergonomic}
   size_t MarkStackSize                            = 4194304                                   {product} {ergonomic}
   size_t MaxHeapSize                              = 1946157056                                {product} {ergonomic}
   size_t MaxNewSize                               = 1167065088                                {product} {ergonomic}
   size_t MinHeapDeltaBytes                        = 1048576                                   {product} {ergonomic}
   size_t MinHeapSize                              = 8388608                                   {product} {ergonomic}
    uintx NonNMethodCodeHeapSize                   = 5839372                                {pd product} {ergonomic}
    uintx NonProfiledCodeHeapSize                  = 122909434                              {pd product} {ergonomic}
    uintx ProfiledCodeHeapSize                     = 122909434                              {pd product} {ergonomic}
    uintx ReservedCodeCacheSize                    = 251658240                              {pd product} {ergonomic}
     bool SegmentedCodeCache                       = true                                      {product} {ergonomic}
   size_t SoftMaxHeapSize                          = 1946157056                             {manageable} {ergonomic}
     bool UseCompressedOops                        = true                           {product lp64_product} {ergonomic}
     bool UseG1GC                                  = true                                      {product} {ergonomic}
     bool UseLargePagesIndividualAllocation        = false                                  {pd product} {ergonomic}

Logging:
Log output configuration:
 #0: stdout all=warning uptime,level,tags foldmultilines=false
 #1: stderr all=off uptime,level,tags foldmultilines=false

Environment Variables:
JAVA_HOME=C:\Program Files\Java\jdk-22
PATH=C:\Program Files\Python313\Scripts\;C:\Program Files\Python313\;C:\Program Files\Common Files\Oracle\Java\javapath;C:\Program Files\Python311\Scripts\;C:\Program Files\Python311\;C:\windows\system32;C:\windows;C:\windows\System32\Wbem;C:\windows\System32\WindowsPowerShell\v1.0\;C:\windows\System32\OpenSSH\;C:\Users\ilmaf\AppData\Local\Programs\Python\Python311\Scripts;C:\Program Files\HP\HP One Agent;C:\Program Files\Java\jdk-22\bin;C:\Program Files\Git\cmd;C:\WINDOWS\system32;C:\WINDOWS;C:\WINDOWS\System32\Wbem;C:\WINDOWS\System32\WindowsPowerShell\v1.0\;C:\WINDOWS\System32\OpenSSH\;C:\Program Files\dotnet\;C:\Users\ilmaf\AppData\Local\Microsoft\WindowsApps;C:\Users\ilmaf\AppData\Local\Programs\Microsoft VS Code\bin;C:\Program Files\JetBrains\IntelliJ IDEA Community Edition 2024.3.3\bin;;C:\ProgramData\ilmaf\GitHubDesktop\bin
USERNAME=ilmaf
OS=Windows_NT
PROCESSOR_IDENTIFIER=AMD64 Family 23 Model 160 Stepping 0, AuthenticAMD
TMP=C:\Users\ilmaf\AppData\Local\Temp
TEMP=C:\Users\ilmaf\AppData\Local\Temp




Periodic native trim disabled

---------------  S Y S T E M  ---------------

OS:
 Windows 11 , 64 bit Build 26100 (10.0.26100.3912)
OS uptime: 1 days 2:26 hours
Hyper-V role detected

CPU: total 8 (initial active 8) (8 cores per cpu, 2 threads per core) family 23 model 160 stepping 0 microcode 0x8a0000a, cx8, cmov, fxsr, ht, mmx, 3dnowpref, sse, sse2, sse3, ssse3, sse4a, sse4.1, sse4.2, popcnt, lzcnt, tsc, tscinvbit, avx, avx2, aes, clmul, bmi1, bmi2, adx, sha, fma, vzeroupper, clflush, clflushopt, hv, rdtscp, rdpid, f16c
Processor Information for processor 0
  Max Mhz: 2801, Current Mhz: 1981, Mhz Limit: 2801
Processor Information for processor 1
  Max Mhz: 2801, Current Mhz: 2483, Mhz Limit: 2801
Processor Information for processor 2
  Max Mhz: 2801, Current Mhz: 2483, Mhz Limit: 2801
Processor Information for processor 3
  Max Mhz: 2801, Current Mhz: 1981, Mhz Limit: 2801
Processor Information for processor 4
  Max Mhz: 2801, Current Mhz: 2483, Mhz Limit: 2801
Processor Information for processor 5
  Max Mhz: 2801, Current Mhz: 1981, Mhz Limit: 2801
Processor Information for processor 6
  Max Mhz: 2801, Current Mhz: 2483, Mhz Limit: 2801
Processor Information for processor 7
  Max Mhz: 2801, Current Mhz: 1981, Mhz Limit: 2801

Memory: 4k page, system-wide physical 7418M (441M free)
TotalPageFile size 29946M (AvailPageFile size 12M)
current process WorkingSet (physical memory assigned to process): 148M, peak: 152M
current process commit charge ("private bytes"): 261M, peak: 266M

vm_info: Java HotSpot(TM) 64-Bit Server VM (22.0.2+9-70) for windows-amd64 JRE (22.0.2+9-70), built on 2024-06-04T16:52:23Z by "mach5one" with MS VC++ 17.6 (VS2022)

END.
