#
# There is insufficient memory for the Java Runtime Environment to continue.
# Native memory allocation (malloc) failed to allocate 1495856 bytes. Error detail: Chunk::new
# Possible reasons:
#   The system is out of physical RAM or swap space
#   This process is running with CompressedOops enabled, and the Java Heap may be blocking the growth of the native heap
# Possible solutions:
#   Reduce memory load on the system
#   Increase physical memory or swap space
#   Check if swap backing store is full
#   Decrease Java heap size (-Xmx/-Xms)
#   Decrease number of Java threads
#   Decrease Java thread stack sizes (-Xss)
#   Set larger code cache with -XX:ReservedCodeCacheSize=
#   JVM is running with Unscaled Compressed Oops mode in which the Java heap is
#     placed in the first 4GB address space. The Java Heap base address is the
#     maximum limit for the native heap growth. Please use -XX:HeapBaseMinAddress
#     to set the Java Heap base and to place the Java Heap above 4GB virtual address.
# This output file may be truncated or incomplete.
#
#  Out of Memory Error (arena.cpp:150), pid=38160, tid=48012
#
# JRE version: Java(TM) SE Runtime Environment (22.0.2+9) (build 22.0.2+9-70)
# Java VM: Java HotSpot(TM) 64-Bit Server VM (22.0.2+9-70, mixed mode, sharing, tiered, compressed oops, compressed class ptrs, g1 gc, windows-amd64)
# No core dump will be written. Minidumps are not enabled by default on client versions of Windows
#

---------------  S U M M A R Y ------------

Command Line: -javaagent:C:\Program Files\JetBrains\IntelliJ IDEA Community Edition 2024.3.3\lib\idea_rt.jar=62154:C:\Program Files\JetBrains\IntelliJ IDEA Community Edition 2024.3.3\bin -Dfile.encoding=UTF-8 -Dsun.stdout.encoding=UTF-8 -Dsun.stderr.encoding=UTF-8 com.WeddingPlanning.Backend.BackendApplication

Host: AMD Ryzen 5 7520U with Radeon Graphics         , 8 cores, 7G,  Windows 11 , 64 bit Build 26100 (10.0.26100.3912)
Time: Wed May  7 17:00:35 2025 Sri Lanka Standard Time elapsed time: 7.684676 seconds (0d 0h 0m 7s)

---------------  T H R E A D  ---------------

Current thread (0x0000022aff41ca20):  JavaThread "C2 CompilerThread0" daemon [_thread_in_native, id=48012, stack(0x000000d1da500000,0x000000d1da600000) (1024K)]


Current CompileTask:
C2:7684 2850   !   4       jdk.internal.loader.BuiltinClassLoader::loadClassOrNull (143 bytes)

Stack: [0x000000d1da500000,0x000000d1da600000]
Native frames: (J=compiled Java code, j=interpreted, Vv=VM code, C=native code)
V  [jvm.dll+0x6e26e9]  (no source info available)
V  [jvm.dll+0x875753]  (no source info available)
V  [jvm.dll+0x877b7e]  (no source info available)
V  [jvm.dll+0x878253]  (no source info available)
V  [jvm.dll+0x27fc86]  (no source info available)
V  [jvm.dll+0xc3d0f]  (no source info available)
V  [jvm.dll+0xc3f6b]  (no source info available)
V  [jvm.dll+0x3bb442]  (no source info available)
V  [jvm.dll+0x1df4ac]  (no source info available)
V  [jvm.dll+0x24793c]  (no source info available)
V  [jvm.dll+0x246e9f]  (no source info available)
V  [jvm.dll+0x1c4e80]  (no source info available)
V  [jvm.dll+0x2568f3]  (no source info available)
V  [jvm.dll+0x254baa]  (no source info available)
V  [jvm.dll+0x3f57a6]  (no source info available)
V  [jvm.dll+0x81dc0b]  (no source info available)
V  [jvm.dll+0x6e0d85]  (no source info available)
C  [ucrtbase.dll+0x37b0]  (no source info available)
C  [KERNEL32.DLL+0x2e8d7]  (no source info available)
C  [ntdll.dll+0x9c5dc]  (no source info available)


---------------  P R O C E S S  ---------------

Threads class SMR info:
_java_thread_list=0x0000022adff7bac0, length=13, elements={
0x0000022afc4c82d0, 0x0000022aff40e3b0, 0x0000022aff411990, 0x0000022aff414240,
0x0000022aff415000, 0x0000022aff4165d0, 0x0000022aff41aaf0, 0x0000022aff41ca20,
0x0000022a993c36a0, 0x0000022a994b77e0, 0x0000022a99653ba0, 0x0000022a99770310,
0x0000022ae04d4040
}

Java Threads: ( => current thread )
  0x0000022afc4c82d0 JavaThread "main"                              [_thread_in_vm, id=44016, stack(0x000000d1d9700000,0x000000d1d9800000) (1024K)]
  0x0000022aff40e3b0 JavaThread "Reference Handler"          daemon [_thread_blocked, id=48468, stack(0x000000d1d9f00000,0x000000d1da000000) (1024K)]
  0x0000022aff411990 JavaThread "Finalizer"                  daemon [_thread_blocked, id=22988, stack(0x000000d1da000000,0x000000d1da100000) (1024K)]
  0x0000022aff414240 JavaThread "Signal Dispatcher"          daemon [_thread_blocked, id=49856, stack(0x000000d1da100000,0x000000d1da200000) (1024K)]
  0x0000022aff415000 JavaThread "Attach Listener"            daemon [_thread_blocked, id=22656, stack(0x000000d1da200000,0x000000d1da300000) (1024K)]
  0x0000022aff4165d0 JavaThread "Service Thread"             daemon [_thread_blocked, id=22724, stack(0x000000d1da300000,0x000000d1da400000) (1024K)]
  0x0000022aff41aaf0 JavaThread "Monitor Deflation Thread"   daemon [_thread_blocked, id=27932, stack(0x000000d1da400000,0x000000d1da500000) (1024K)]
=>0x0000022aff41ca20 JavaThread "C2 CompilerThread0"         daemon [_thread_in_native, id=48012, stack(0x000000d1da500000,0x000000d1da600000) (1024K)]
  0x0000022a993c36a0 JavaThread "C1 CompilerThread0"         daemon [_thread_blocked, id=32912, stack(0x000000d1da600000,0x000000d1da700000) (1024K)]
  0x0000022a994b77e0 JavaThread "Common-Cleaner"             daemon [_thread_blocked, id=46380, stack(0x000000d1da700000,0x000000d1da800000) (1024K)]
  0x0000022a99653ba0 JavaThread "Monitor Ctrl-Break"         daemon [_thread_in_native, id=22804, stack(0x000000d1da900000,0x000000d1daa00000) (1024K)]
  0x0000022a99770310 JavaThread "Notification Thread"        daemon [_thread_blocked, id=42888, stack(0x000000d1daa00000,0x000000d1dab00000) (1024K)]
  0x0000022ae04d4040 JavaThread "C2 CompilerThread1"         daemon [_thread_in_native, id=9248, stack(0x000000d1db000000,0x000000d1db100000) (1024K)]
Total: 13

Other Threads:
  0x0000022aff3eed10 VMThread "VM Thread"                           [id=22384, stack(0x000000d1d9e00000,0x000000d1d9f00000) (1024K)]
  0x0000022aff3d76a0 WatcherThread "VM Periodic Task Thread"        [id=13876, stack(0x000000d1d9d00000,0x000000d1d9e00000) (1024K)]
  0x0000022afc519d80 WorkerThread "GC Thread#0"                     [id=24136, stack(0x000000d1d9800000,0x000000d1d9900000) (1024K)]
  0x0000022ae0056c60 WorkerThread "GC Thread#1"                     [id=49684, stack(0x000000d1dab00000,0x000000d1dac00000) (1024K)]
  0x0000022ae0051860 WorkerThread "GC Thread#2"                     [id=11036, stack(0x000000d1dac00000,0x000000d1dad00000) (1024K)]
  0x0000022a99e807f0 WorkerThread "GC Thread#3"                     [id=47356, stack(0x000000d1dad00000,0x000000d1dae00000) (1024K)]
  0x0000022a99e80ba0 WorkerThread "GC Thread#4"                     [id=47152, stack(0x000000d1dae00000,0x000000d1daf00000) (1024K)]
  0x0000022a99965200 WorkerThread "GC Thread#5"                     [id=45540, stack(0x000000d1daf00000,0x000000d1db000000) (1024K)]
  0x0000022adf1f6960 WorkerThread "GC Thread#6"                     [id=23252, stack(0x000000d1db100000,0x000000d1db200000) (1024K)]
  0x0000022adf1f6d10 WorkerThread "GC Thread#7"                     [id=31196, stack(0x000000d1db200000,0x000000d1db300000) (1024K)]
  0x0000022afc546a90 ConcurrentGCThread "G1 Main Marker"            [id=19192, stack(0x000000d1d9900000,0x000000d1d9a00000) (1024K)]
  0x0000022afc548c60 WorkerThread "G1 Conc#0"                       [id=45840, stack(0x000000d1d9a00000,0x000000d1d9b00000) (1024K)]
  0x0000022adf1f6200 WorkerThread "G1 Conc#1"                       [id=19116, stack(0x000000d1da800000,0x000000d1da900000) (1024K)]
  0x0000022aff2a6ef0 ConcurrentGCThread "G1 Refine#0"               [id=20924, stack(0x000000d1d9b00000,0x000000d1d9c00000) (1024K)]
  0x0000022aff2ac860 ConcurrentGCThread "G1 Service"                [id=40740, stack(0x000000d1d9c00000,0x000000d1d9d00000) (1024K)]
Total: 15

Threads with active compile tasks:
C2 CompilerThread0  8133 2850   !   4       jdk.internal.loader.BuiltinClassLoader::loadClassOrNull (143 bytes)
C2 CompilerThread1  8133 2881   !   4       java.net.URL::<init> (543 bytes)
Total: 2

VM state: not at safepoint (normal execution)

VM Mutex/Monitor currently owned by a thread: None

Heap address: 0x000000008c000000, size: 1856 MB, Compressed Oops mode: 32-bit

CDS archive(s) mapped at: [0x0000022a9a000000-0x0000022a9ac60000-0x0000022a9ac60000), size 12976128, SharedBaseAddress: 0x0000022a9a000000, ArchiveRelocationMode: 1.
Compressed class space mapped at: 0x0000022a9b000000-0x0000022adb000000, reserved size: 1073741824
Narrow klass base: 0x0000022a9a000000, Narrow klass shift: 0, Narrow klass range: 0x41000000

GC Precious Log:
 CardTable entry size: 512
 Card Set container configuration: InlinePtr #cards 5 size 8 Array Of Cards #cards 12 size 40 Howl #buckets 4 coarsen threshold 1843 Howl Bitmap #cards 512 size 80 coarsen threshold 460 Card regions per heap region 1 cards per card region 2048
 CPUs: 8 total, 8 available
 Memory: 7418M
 Large Page Support: Disabled
 NUMA Support: Disabled
 Compressed Oops: Enabled (32-bit)
 Heap Region Size: 1M
 Heap Min Capacity: 8M
 Heap Initial Capacity: 116M
 Heap Max Capacity: 1856M
 Pre-touch: Disabled
 Parallel Workers: 8
 Concurrent Workers: 2
 Concurrent Refinement Workers: 8
 Periodic GC: Disabled

Heap:
 garbage-first heap   total reserved 1900544K, committed 37888K, used 16253K [0x000000008c000000, 0x0000000100000000)
  region size 1024K, 12 young (12288K), 6 survivors (6144K)
 Metaspace       used 21816K, committed 22144K, reserved 1114112K
  class space    used 2803K, committed 2944K, reserved 1048576K

Heap Regions: E=young(eden), S=young(survivor), O=old, HS=humongous(starts), HC=humongous(continues), CS=collection set, F=free, TAMS=top-at-mark-start, PB=parsable bottom
|   0|0x000000008c000000, 0x000000008c100000, 0x000000008c100000|100%| O|  |TAMS 0x000000008c000000| PB 0x000000008c000000| Untracked |  0
|   1|0x000000008c100000, 0x000000008c200000, 0x000000008c200000|100%| O|  |TAMS 0x000000008c100000| PB 0x000000008c100000| Untracked |  0
|   2|0x000000008c200000, 0x000000008c300000, 0x000000008c300000|100%| O|  |TAMS 0x000000008c200000| PB 0x000000008c200000| Untracked |  0
|   3|0x000000008c300000, 0x000000008c400000, 0x000000008c400000|100%| O|  |TAMS 0x000000008c300000| PB 0x000000008c300000| Untracked |  0
|   4|0x000000008c400000, 0x000000008c4f48d8, 0x000000008c500000| 95%| O|Cm|TAMS 0x000000008c400000| PB 0x000000008c400000| Complete |  0
|   5|0x000000008c500000, 0x000000008c500000, 0x000000008c600000|  0%| F|  |TAMS 0x000000008c500000| PB 0x000000008c500000| Untracked |  0
|   6|0x000000008c600000, 0x000000008c600000, 0x000000008c700000|  0%| F|  |TAMS 0x000000008c600000| PB 0x000000008c600000| Untracked |  0
|   7|0x000000008c700000, 0x000000008c700000, 0x000000008c800000|  0%| F|  |TAMS 0x000000008c700000| PB 0x000000008c700000| Untracked |  0
|   8|0x000000008c800000, 0x000000008c800000, 0x000000008c900000|  0%| F|  |TAMS 0x000000008c800000| PB 0x000000008c800000| Untracked |  0
|   9|0x000000008c900000, 0x000000008c900000, 0x000000008ca00000|  0%| F|  |TAMS 0x000000008c900000| PB 0x000000008c900000| Untracked |  0
|  10|0x000000008ca00000, 0x000000008ca00000, 0x000000008cb00000|  0%| F|  |TAMS 0x000000008ca00000| PB 0x000000008ca00000| Untracked |  0
|  11|0x000000008cb00000, 0x000000008cb00000, 0x000000008cc00000|  0%| F|  |TAMS 0x000000008cb00000| PB 0x000000008cb00000| Untracked |  0
|  12|0x000000008cc00000, 0x000000008cc00000, 0x000000008cd00000|  0%| F|  |TAMS 0x000000008cc00000| PB 0x000000008cc00000| Untracked |  0
|  13|0x000000008cd00000, 0x000000008cd00000, 0x000000008ce00000|  0%| F|  |TAMS 0x000000008cd00000| PB 0x000000008cd00000| Untracked |  0
|  14|0x000000008ce00000, 0x000000008ce00000, 0x000000008cf00000|  0%| F|  |TAMS 0x000000008ce00000| PB 0x000000008ce00000| Untracked |  0
|  15|0x000000008cf00000, 0x000000008cf00000, 0x000000008d000000|  0%| F|  |TAMS 0x000000008cf00000| PB 0x000000008cf00000| Untracked |  0
|  16|0x000000008d000000, 0x000000008d000000, 0x000000008d100000|  0%| F|  |TAMS 0x000000008d000000| PB 0x000000008d000000| Untracked |  0
|  17|0x000000008d100000, 0x000000008d100000, 0x000000008d200000|  0%| F|  |TAMS 0x000000008d100000| PB 0x000000008d100000| Untracked |  0
|  18|0x000000008d200000, 0x000000008d200000, 0x000000008d300000|  0%| F|  |TAMS 0x000000008d200000| PB 0x000000008d200000| Untracked |  0
|  19|0x000000008d300000, 0x000000008d300000, 0x000000008d400000|  0%| F|  |TAMS 0x000000008d300000| PB 0x000000008d300000| Untracked |  0
|  20|0x000000008d400000, 0x000000008d400000, 0x000000008d500000|  0%| F|  |TAMS 0x000000008d400000| PB 0x000000008d400000| Untracked |  0
|  21|0x000000008d500000, 0x000000008d500000, 0x000000008d600000|  0%| F|  |TAMS 0x000000008d500000| PB 0x000000008d500000| Untracked |  0
|  22|0x000000008d600000, 0x000000008d600000, 0x000000008d700000|  0%| F|  |TAMS 0x000000008d600000| PB 0x000000008d600000| Untracked |  0
|  23|0x000000008d700000, 0x000000008d700000, 0x000000008d800000|  0%| F|  |TAMS 0x000000008d700000| PB 0x000000008d700000| Untracked |  0
|  24|0x000000008d800000, 0x000000008d800000, 0x000000008d900000|  0%| F|  |TAMS 0x000000008d800000| PB 0x000000008d800000| Untracked |  0
|  25|0x000000008d900000, 0x000000008da00000, 0x000000008da00000|100%| E|  |TAMS 0x000000008d900000| PB 0x000000008d900000| Complete |  0
|  26|0x000000008da00000, 0x000000008db00000, 0x000000008db00000|100%| E|CS|TAMS 0x000000008da00000| PB 0x000000008da00000| Complete |  0
|  27|0x000000008db00000, 0x000000008dc00000, 0x000000008dc00000|100%| E|CS|TAMS 0x000000008db00000| PB 0x000000008db00000| Complete |  0
|  28|0x000000008dc00000, 0x000000008dd00000, 0x000000008dd00000|100%| E|CS|TAMS 0x000000008dc00000| PB 0x000000008dc00000| Complete |  0
|  29|0x000000008dd00000, 0x000000008de00000, 0x000000008de00000|100%| E|CS|TAMS 0x000000008dd00000| PB 0x000000008dd00000| Complete |  0
|  75|0x0000000090b00000, 0x0000000090bead20, 0x0000000090c00000| 91%| S|CS|TAMS 0x0000000090b00000| PB 0x0000000090b00000| Complete |  0
|  76|0x0000000090c00000, 0x0000000090d00000, 0x0000000090d00000|100%| S|CS|TAMS 0x0000000090c00000| PB 0x0000000090c00000| Complete |  0
|  77|0x0000000090d00000, 0x0000000090e00000, 0x0000000090e00000|100%| S|CS|TAMS 0x0000000090d00000| PB 0x0000000090d00000| Complete |  0
|  78|0x0000000090e00000, 0x0000000090f00000, 0x0000000090f00000|100%| S|CS|TAMS 0x0000000090e00000| PB 0x0000000090e00000| Complete |  0
|  82|0x0000000091200000, 0x0000000091300000, 0x0000000091300000|100%| S|CS|TAMS 0x0000000091200000| PB 0x0000000091200000| Complete |  0
|  83|0x0000000091300000, 0x0000000091400000, 0x0000000091400000|100%| S|CS|TAMS 0x0000000091300000| PB 0x0000000091300000| Complete |  0
| 115|0x0000000093300000, 0x0000000093400000, 0x0000000093400000|100%| E|CS|TAMS 0x0000000093300000| PB 0x0000000093300000| Complete |  0

Card table byte_map: [0x0000022afcc30000,0x0000022afcfd0000] _byte_map_base: 0x0000022afc7d0000

Marking Bits: (CMBitMap*) 0x0000022afc51a490
 Bits: [0x0000022afcfd0000, 0x0000022afecd0000)

Polling page: 0x0000022afa400000

Metaspace:

Usage:
  Non-class:     18.57 MB used.
      Class:      2.74 MB used.
       Both:     21.31 MB used.

Virtual space:
  Non-class space:       64.00 MB reserved,      18.75 MB ( 29%) committed,  1 nodes.
      Class space:        1.00 GB reserved,       2.88 MB ( <1%) committed,  1 nodes.
             Both:        1.06 GB reserved,      21.62 MB (  2%) committed. 

Chunk freelists:
   Non-Class:  12.89 MB
       Class:  13.00 MB
        Both:  25.89 MB

MaxMetaspaceSize: unlimited
CompressedClassSpaceSize: 1.00 GB
Initial GC threshold: 21.00 MB
Current GC threshold: 35.12 MB
CDS: on
 - commit_granule_bytes: 65536.
 - commit_granule_words: 8192.
 - virtual_space_node_default_size: 8388608.
 - enlarge_chunks_in_place: 1.
 - use_allocation_guard: 0.


Internal statistics:

num_allocs_failed_limit: 3.
num_arena_births: 400.
num_arena_deaths: 0.
num_vsnodes_births: 2.
num_vsnodes_deaths: 0.
num_space_committed: 346.
num_space_uncommitted: 0.
num_chunks_returned_to_freelist: 3.
num_chunks_taken_from_freelist: 1184.
num_chunk_merges: 0.
num_chunk_splits: 785.
num_chunks_enlarged: 562.
num_inconsistent_stats: 0.

CodeHeap 'non-profiled nmethods': size=120000Kb used=1245Kb max_used=1245Kb free=118754Kb
 bounds [0x0000022a8fd60000, 0x0000022a8ffd0000, 0x0000022a97290000]
CodeHeap 'profiled nmethods': size=120000Kb used=6470Kb max_used=6470Kb free=113529Kb
 bounds [0x0000022a88290000, 0x0000022a888f0000, 0x0000022a8f7c0000]
CodeHeap 'non-nmethods': size=5760Kb used=1454Kb max_used=1492Kb free=4305Kb
 bounds [0x0000022a8f7c0000, 0x0000022a8fa30000, 0x0000022a8fd60000]
 total_blobs=3786 nmethods=3250 adapters=439
 compilation: enabled
              stopped_count=0, restarted_count=0
 full_count=0

Compilation events (20 events):
Event: 6.624 Thread 0x0000022a993c36a0 3098       1       org.springframework.beans.factory.support.DefaultListableBeanFactory::isAllowEagerClassLoading (5 bytes)
Event: 6.624 Thread 0x0000022a993c36a0 nmethod 3098 0x0000022a8fe8fa10 code [0x0000022a8fe8fba0, 0x0000022a8fe8fc70]
Event: 6.629 Thread 0x0000022a993c36a0 3099       3       java.util.concurrent.ConcurrentHashMap::isEmpty (15 bytes)
Event: 6.629 Thread 0x0000022a993c36a0 nmethod 3099 0x0000022a8887d290 code [0x0000022a8887d440, 0x0000022a8887d5d0]
Event: 6.631 Thread 0x0000022a993c36a0 3100       3       org.springframework.beans.factory.support.AbstractBeanDefinition::getBeanClass (54 bytes)
Event: 6.631 Thread 0x0000022a993c36a0 nmethod 3100 0x0000022a8887d690 code [0x0000022a8887d8a0, 0x0000022a8887df30]
Event: 6.631 Thread 0x0000022a993c36a0 3101       3       java.util.LinkedHashMap$LinkedKeySet::size (8 bytes)
Event: 6.631 Thread 0x0000022a993c36a0 nmethod 3101 0x0000022a8887e110 code [0x0000022a8887e2a0, 0x0000022a8887e3b8]
Event: 6.632 Thread 0x0000022a993c36a0 3102       3       org.springframework.core.AttributeAccessorSupport::copyAttributesFrom (56 bytes)
Event: 6.633 Thread 0x0000022a993c36a0 nmethod 3102 0x0000022a8887e490 code [0x0000022a8887e720, 0x0000022a8887f650]
Event: 6.633 Thread 0x0000022a993c36a0 3103       3       org.springframework.core.AttributeAccessorSupport::attributeNames (13 bytes)
Event: 6.634 Thread 0x0000022a993c36a0 nmethod 3103 0x0000022a8887fb90 code [0x0000022a8887fd80, 0x0000022a88880380]
Event: 6.634 Thread 0x0000022a993c36a0 3104   !   3       org.springframework.beans.factory.support.AbstractBeanFactory::getMergedBeanDefinition (334 bytes)
Event: 6.638 Thread 0x0000022a993c36a0 nmethod 3104 0x0000022a88880510 code [0x0000022a888809a0, 0x0000022a888836a0]
Event: 6.638 Thread 0x0000022a993c36a0 3105       1       org.springframework.beans.BeanMetadataAttribute::getValue (5 bytes)
Event: 6.638 Thread 0x0000022a993c36a0 nmethod 3105 0x0000022a8fe8fd10 code [0x0000022a8fe8fea0, 0x0000022a8fe8ff68]
Event: 6.638 Thread 0x0000022a993c36a0 3106       1       org.springframework.beans.factory.support.AbstractBeanDefinition::setBeanClass (6 bytes)
Event: 6.639 Thread 0x0000022a993c36a0 nmethod 3106 0x0000022a8fe90010 code [0x0000022a8fe901a0, 0x0000022a8fe902b8]
Event: 6.669 Thread 0x0000022a993c36a0 3107       3       java.lang.Class::arrayContentsEq (70 bytes)
Event: 6.669 Thread 0x0000022a993c36a0 nmethod 3107 0x0000022a88884b90 code [0x0000022a88884d60, 0x0000022a88885188]

GC Heap History (4 events):
Event: 3.868 GC heap before
{Heap before GC invocations=0 (full 0):
 garbage-first heap   total reserved 1900544K, committed 118784K, used 23552K [0x000000008c000000, 0x0000000100000000)
  region size 1024K, 24 young (24576K), 0 survivors (0K)
 Metaspace       used 7049K, committed 7360K, reserved 1114112K
  class space    used 871K, committed 1024K, reserved 1048576K
}
Event: 3.881 GC heap after
{Heap after GC invocations=1 (full 0):
 garbage-first heap   total reserved 1900544K, committed 118784K, used 4992K [0x000000008c000000, 0x0000000100000000)
  region size 1024K, 3 young (3072K), 3 survivors (3072K)
 Metaspace       used 7049K, committed 7360K, reserved 1114112K
  class space    used 871K, committed 1024K, reserved 1048576K
}
Event: 4.963 GC heap before
{Heap before GC invocations=1 (full 0):
 garbage-first heap   total reserved 1900544K, committed 118784K, used 35712K [0x000000008c000000, 0x0000000100000000)
  region size 1024K, 34 young (34816K), 3 survivors (3072K)
 Metaspace       used 15469K, committed 15744K, reserved 1114112K
  class space    used 1952K, committed 2048K, reserved 1048576K
}
Event: 4.974 GC heap after
{Heap after GC invocations=2 (full 0):
 garbage-first heap   total reserved 1900544K, committed 118784K, used 7830K [0x000000008c000000, 0x0000000100000000)
  region size 1024K, 3 young (3072K), 3 survivors (3072K)
 Metaspace       used 15469K, committed 15744K, reserved 1114112K
  class space    used 1952K, committed 2048K, reserved 1048576K
}

Dll operation events (12 events):
Event: 0.042 Loaded shared library C:\Program Files\Java\jdk-22\bin\java.dll
Event: 0.118 Loaded shared library C:\Program Files\Java\jdk-22\bin\jsvml.dll
Event: 0.310 Loaded shared library C:\Program Files\Java\jdk-22\bin\zip.dll
Event: 0.317 Loaded shared library C:\Program Files\Java\jdk-22\bin\instrument.dll
Event: 0.327 Loaded shared library C:\Program Files\Java\jdk-22\bin\net.dll
Event: 0.334 Loaded shared library C:\Program Files\Java\jdk-22\bin\nio.dll
Event: 0.339 Loaded shared library C:\Program Files\Java\jdk-22\bin\zip.dll
Event: 0.478 Loaded shared library C:\Program Files\JetBrains\IntelliJ IDEA Community Edition 2024.3.3\bin\breakgen64.dll
Event: 0.500 Loaded shared library C:\Program Files\Java\jdk-22\bin\extnet.dll
Event: 0.586 Loaded shared library C:\Program Files\Java\jdk-22\bin\jimage.dll
Event: 4.224 Loaded shared library C:\Program Files\Java\jdk-22\bin\le.dll
Event: 5.169 Loaded shared library C:\Program Files\Java\jdk-22\bin\sunmscapi.dll

Deoptimization events (20 events):
Event: 5.968 Thread 0x0000022afc4c82d0 Uncommon trap: trap_request=0xffffffde fr.pc=0x0000022a8fd7ab48 relative=0x00000000000001a8
Event: 5.968 Thread 0x0000022afc4c82d0 Uncommon trap: reason=class_check action=maybe_recompile pc=0x0000022a8fd7ab48 method=java.lang.String.equals(Ljava/lang/Object;)Z @ 8 c2
Event: 5.968 Thread 0x0000022afc4c82d0 DEOPT PACKING pc=0x0000022a8fd7ab48 sp=0x000000d1d97fe810
Event: 5.968 Thread 0x0000022afc4c82d0 DEOPT UNPACKING pc=0x0000022a8f8146a2 sp=0x000000d1d97fe798 mode 2
Event: 5.968 Thread 0x0000022afc4c82d0 Uncommon trap: trap_request=0xffffffde fr.pc=0x0000022a8fd7ab48 relative=0x00000000000001a8
Event: 5.968 Thread 0x0000022afc4c82d0 Uncommon trap: reason=class_check action=maybe_recompile pc=0x0000022a8fd7ab48 method=java.lang.String.equals(Ljava/lang/Object;)Z @ 8 c2
Event: 5.968 Thread 0x0000022afc4c82d0 DEOPT PACKING pc=0x0000022a8fd7ab48 sp=0x000000d1d97fe810
Event: 5.968 Thread 0x0000022afc4c82d0 DEOPT UNPACKING pc=0x0000022a8f8146a2 sp=0x000000d1d97fe798 mode 2
Event: 5.970 Thread 0x0000022afc4c82d0 Uncommon trap: trap_request=0xffffffde fr.pc=0x0000022a8fe6e59c relative=0x000000000000049c
Event: 5.970 Thread 0x0000022afc4c82d0 Uncommon trap: reason=class_check action=maybe_recompile pc=0x0000022a8fe6e59c method=java.lang.String.equals(Ljava/lang/Object;)Z @ 8 c2
Event: 5.970 Thread 0x0000022afc4c82d0 DEOPT PACKING pc=0x0000022a8fe6e59c sp=0x000000d1d97fe540
Event: 5.970 Thread 0x0000022afc4c82d0 DEOPT UNPACKING pc=0x0000022a8f8146a2 sp=0x000000d1d97fe3f8 mode 2
Event: 5.971 Thread 0x0000022afc4c82d0 Uncommon trap: trap_request=0xffffffde fr.pc=0x0000022a8fd7ab48 relative=0x00000000000001a8
Event: 5.971 Thread 0x0000022afc4c82d0 Uncommon trap: reason=class_check action=maybe_recompile pc=0x0000022a8fd7ab48 method=java.lang.String.equals(Ljava/lang/Object;)Z @ 8 c2
Event: 5.971 Thread 0x0000022afc4c82d0 DEOPT PACKING pc=0x0000022a8fd7ab48 sp=0x000000d1d97fe480
Event: 5.971 Thread 0x0000022afc4c82d0 DEOPT UNPACKING pc=0x0000022a8f8146a2 sp=0x000000d1d97fe408 mode 2
Event: 6.388 Thread 0x0000022afc4c82d0 Uncommon trap: trap_request=0xffffff45 fr.pc=0x0000022a8fe387e4 relative=0x0000000000000fc4
Event: 6.388 Thread 0x0000022afc4c82d0 Uncommon trap: reason=unstable_if action=reinterpret pc=0x0000022a8fe387e4 method=java.util.concurrent.ConcurrentHashMap.putVal(Ljava/lang/Object;Ljava/lang/Object;Z)Ljava/lang/Object; @ 148 c2
Event: 6.388 Thread 0x0000022afc4c82d0 DEOPT PACKING pc=0x0000022a8fe387e4 sp=0x000000d1d97fe1e0
Event: 6.388 Thread 0x0000022afc4c82d0 DEOPT UNPACKING pc=0x0000022a8f8146a2 sp=0x000000d1d97fe190 mode 2

Classes loaded (20 events):
Event: 5.192 Loading class com/sun/security/sasl/Provider
Event: 5.193 Loading class com/sun/security/sasl/Provider done
Event: 5.193 Loading class com/sun/security/sasl/Provider$1
Event: 5.193 Loading class com/sun/security/sasl/Provider$1 done
Event: 5.193 Loading class com/sun/security/sasl/Provider$ProviderService
Event: 5.193 Loading class com/sun/security/sasl/Provider$ProviderService done
Event: 5.194 Loading class sun/security/provider/certpath/ldap/JdkLDAP
Event: 5.194 Loading class sun/security/provider/certpath/ldap/JdkLDAP done
Event: 5.195 Loading class sun/security/provider/certpath/ldap/JdkLDAP$ProviderService
Event: 5.195 Loading class sun/security/provider/certpath/ldap/JdkLDAP$ProviderService done
Event: 5.282 Loading class java/lang/Thread$ThreadNumbering
Event: 5.282 Loading class java/lang/Thread$ThreadNumbering done
Event: 5.308 Loading class javax/naming/ldap/LdapContext
Event: 5.308 Loading class javax/naming/directory/DirContext
Event: 5.308 Loading class javax/naming/directory/DirContext done
Event: 5.308 Loading class javax/naming/ldap/LdapContext done
Event: 6.574 Loading class java/net/SocketException
Event: 6.574 Loading class java/net/SocketException done
Event: 6.648 Loading class javax/naming/NameNotFoundException
Event: 6.648 Loading class javax/naming/NameNotFoundException done

Classes unloaded (0 events):
No events

Classes redefined (0 events):
No events

Internal exceptions (20 events):
Event: 4.191 Thread 0x0000022afc4c82d0 Exception <a 'java/lang/NoSuchMethodError'{0x0000000092e8a258}: 'java.lang.Object java.lang.invoke.DirectMethodHandle$Holder.invokeStaticInit(java.lang.Object, int)'> (0x0000000092e8a258) 
thrown [s\open\src\hotspot\share\interpreter\linkResolver.cpp, line 774]
Event: 4.195 Thread 0x0000022afc4c82d0 Exception <a 'java/lang/NoSuchMethodError'{0x0000000092e946f0}: 'java.lang.Object java.lang.invoke.DirectMethodHandle$Holder.invokeStatic(java.lang.Object, int, java.lang.Object)'> (0x0000000092e946f0) 
thrown [s\open\src\hotspot\share\interpreter\linkResolver.cpp, line 774]
Event: 4.196 Thread 0x0000022afc4c82d0 Exception <a 'java/lang/NoSuchMethodError'{0x0000000092e97d70}: 'java.lang.Object java.lang.invoke.DirectMethodHandle$Holder.invokeStaticInit(java.lang.Object, int, java.lang.Object)'> (0x0000000092e97d70) 
thrown [s\open\src\hotspot\share\interpreter\linkResolver.cpp, line 774]
Event: 4.215 Thread 0x0000022afc4c82d0 Exception <a 'sun/nio/fs/WindowsException'{0x0000000092d4f578}> (0x0000000092d4f578) 
thrown [s\open\src\hotspot\share\prims\jni.cpp, line 520]
Event: 4.229 Thread 0x0000022afc4c82d0 Exception <a 'jdk/internal/org/jline/terminal/impl/jna/LastErrorException'{0x0000000092d5bc18}> (0x0000000092d5bc18) 
thrown [s\open\src\hotspot\share\prims\jni.cpp, line 520]
Event: 4.229 Thread 0x0000022afc4c82d0 Exception <a 'jdk/internal/org/jline/terminal/impl/jna/LastErrorException'{0x0000000092d5c2d8}> (0x0000000092d5c2d8) 
thrown [s\open\src\hotspot\share\prims\jni.cpp, line 520]
Event: 4.229 Thread 0x0000022afc4c82d0 Exception <a 'jdk/internal/org/jline/terminal/impl/jna/LastErrorException'{0x0000000092d5c948}> (0x0000000092d5c948) 
thrown [s\open\src\hotspot\share\prims\jni.cpp, line 520]
Event: 4.396 Thread 0x0000022afc4c82d0 Exception <a 'java/lang/NoSuchMethodError'{0x0000000092741598}: 'int java.lang.invoke.DirectMethodHandle$Holder.invokeVirtual(java.lang.Object, java.lang.Object)'> (0x0000000092741598) 
thrown [s\open\src\hotspot\share\interpreter\linkResolver.cpp, line 774]
Event: 4.884 Thread 0x0000022a9995b090 Exception <a 'java/lang/NoSuchMethodError'{0x000000009131ce08}: 'long java.lang.invoke.DirectMethodHandle$Holder.invokeSpecial(java.lang.Object, java.lang.Object)'> (0x000000009131ce08) 
thrown [s\open\src\hotspot\share\interpreter\linkResolver.cpp, line 774]
Event: 4.889 Thread 0x0000022a9995b090 Exception <a 'java/lang/NoSuchMethodError'{0x0000000091326c68}: 'long java.lang.invoke.DirectMethodHandle$Holder.invokeStatic(java.lang.Object, java.lang.Object)'> (0x0000000091326c68) 
thrown [s\open\src\hotspot\share\interpreter\linkResolver.cpp, line 774]
Event: 4.890 Thread 0x0000022a9995b090 Exception <a 'java/lang/NoSuchMethodError'{0x0000000091329d50}: 'long java.lang.invoke.DirectMethodHandle$Holder.invokeStaticInit(java.lang.Object, java.lang.Object)'> (0x0000000091329d50) 
thrown [s\open\src\hotspot\share\interpreter\linkResolver.cpp, line 774]
Event: 4.896 Thread 0x0000022a9995b090 Exception <a 'java/lang/NoSuchMethodError'{0x000000009139e730}: 'long java.lang.invoke.DirectMethodHandle$Holder.invokeInterface(java.lang.Object, java.lang.Object)'> (0x000000009139e730) 
thrown [s\open\src\hotspot\share\interpreter\linkResolver.cpp, line 774]
Event: 4.897 Thread 0x0000022a9995b090 Exception <a 'java/lang/IncompatibleClassChangeError'{0x00000000913a1740}: Found class java.lang.Object, but interface was expected> (0x00000000913a1740) 
thrown [s\open\src\hotspot\share\interpreter\linkResolver.cpp, line 841]
Event: 4.908 Thread 0x0000022a9995b090 Exception <a 'java/lang/NoSuchMethodError'{0x00000000913b71b0}: 'java.lang.Object java.lang.invoke.DirectMethodHandle$Holder.invokeVirtual(java.lang.Object, java.lang.Object, java.lang.Object, java.lang.Object)'> (0x00000000913b71b0) 
thrown [s\open\src\hotspot\share\interpreter\linkResolver.cpp, line 774]
Event: 5.047 Thread 0x0000022afc4c82d0 Exception <a 'java/lang/NoSuchMethodError'{0x0000000093277de8}: 'int java.lang.invoke.DirectMethodHandle$Holder.invokeSpecial(java.lang.Object, java.lang.Object, java.lang.Object, java.lang.Object, java.lang.Object)'> (0x0000000093277de8) 
thrown [s\open\src\hotspot\share\interpreter\linkResolver.cpp, line 774]
Event: 5.052 Thread 0x0000022afc4c82d0 Exception <a 'java/lang/NoSuchMethodError'{0x00000000931017b8}: 'void java.lang.invoke.DirectMethodHandle$Holder.invokeVirtual(java.lang.Object, java.lang.Object)'> (0x00000000931017b8) 
thrown [s\open\src\hotspot\share\interpreter\linkResolver.cpp, line 774]
Event: 5.404 Thread 0x0000022afc4c82d0 Exception <a 'java/lang/IncompatibleClassChangeError'{0x0000000092ab4490}: Found class java.lang.Object, but interface was expected> (0x0000000092ab4490) 
thrown [s\open\src\hotspot\share\interpreter\linkResolver.cpp, line 841]
Event: 6.573 Thread 0x0000022afc4c82d0 Exception <a 'java/lang/NoSuchMethodError'{0x00000000918b4e88}: 'java.lang.Object java.lang.invoke.DirectMethodHandle$Holder.newInvokeSpecial(java.lang.Object, java.lang.Object, java.lang.Object, java.lang.Object, java.lang.Object, java.lang.Object)'> (0x00000000918b4e88) 
thrown [s\open\src\hotspot\share\interpreter\linkResolver.cpp, line 774]
Event: 6.600 Thread 0x0000022afc4c82d0 Exception <a 'java/lang/NoClassDefFoundError'{0x00000000917144f0}: org/flywaydb/core/Flyway> (0x00000000917144f0) 
thrown [s\open\src\hotspot\share\classfile\systemDictionary.cpp, line 302]
Event: 6.600 Thread 0x0000022afc4c82d0 Exception <a 'java/lang/NoClassDefFoundError'{0x00000000917156d0}: liquibase/integration/spring/SpringLiquibase> (0x00000000917156d0) 
thrown [s\open\src\hotspot\share\classfile\systemDictionary.cpp, line 302]

ZGC Phase Switch (0 events):
No events

VM Operations (20 events):
Event: 4.401 Executing VM operation: ICBufferFull
Event: 4.402 Executing VM operation: ICBufferFull done
Event: 4.444 Executing VM operation: HandshakeAllThreads (Deoptimize)
Event: 4.444 Executing VM operation: HandshakeAllThreads (Deoptimize) done
Event: 4.963 Executing VM operation: G1CollectForAllocation (G1 Evacuation Pause)
Event: 4.974 Executing VM operation: G1CollectForAllocation (G1 Evacuation Pause) done
Event: 4.994 Executing VM operation: HandshakeAllThreads (Deoptimize)
Event: 4.994 Executing VM operation: HandshakeAllThreads (Deoptimize) done
Event: 5.034 Executing VM operation: HandshakeAllThreads (Deoptimize)
Event: 5.034 Executing VM operation: HandshakeAllThreads (Deoptimize) done
Event: 5.124 Executing VM operation: HandshakeAllThreads (Deoptimize)
Event: 5.124 Executing VM operation: HandshakeAllThreads (Deoptimize) done
Event: 5.419 Executing VM operation: HandshakeAllThreads (Deoptimize)
Event: 5.419 Executing VM operation: HandshakeAllThreads (Deoptimize) done
Event: 5.850 Executing VM operation: ICBufferFull
Event: 5.851 Executing VM operation: ICBufferFull done
Event: 6.651 Executing VM operation: ICBufferFull
Event: 6.651 Executing VM operation: ICBufferFull done
Event: 7.663 Executing VM operation: Cleanup
Event: 7.663 Executing VM operation: Cleanup done

Memory protections (0 events):
No events

Nmethod flushes (0 events):
No events

Events (18 events):
Event: 0.089 Thread 0x0000022afc4c82d0 Thread added: 0x0000022afc4c82d0
Event: 0.113 Thread 0x0000022afc4c82d0 Thread added: 0x0000022aff40e3b0
Event: 0.113 Thread 0x0000022afc4c82d0 Thread added: 0x0000022aff411990
Event: 0.114 Thread 0x0000022afc4c82d0 Thread added: 0x0000022aff414240
Event: 0.114 Thread 0x0000022afc4c82d0 Thread added: 0x0000022aff415000
Event: 0.114 Thread 0x0000022afc4c82d0 Thread added: 0x0000022aff4165d0
Event: 0.114 Thread 0x0000022afc4c82d0 Thread added: 0x0000022aff41aaf0
Event: 0.114 Thread 0x0000022afc4c82d0 Thread added: 0x0000022aff41ca20
Event: 0.115 Thread 0x0000022afc4c82d0 Thread added: 0x0000022a993c36a0
Event: 0.274 Thread 0x0000022afc4c82d0 Thread added: 0x0000022a994b77e0
Event: 0.414 Thread 0x0000022aff41ca20 Thread added: 0x0000022a99760760
Event: 0.479 Thread 0x0000022afc4c82d0 Thread added: 0x0000022a99653ba0
Event: 0.479 Thread 0x0000022afc4c82d0 Thread added: 0x0000022a99770310
Event: 4.138 Thread 0x0000022afc4c82d0 Thread added: 0x0000022a9995b090
Event: 5.200 Thread 0x0000022a9995b090 Thread exited: 0x0000022a9995b090
Event: 5.283 Thread 0x0000022afc4c82d0 Thread added: 0x0000022adf9221e0
Event: 5.338 Thread 0x0000022adf9221e0 Thread exited: 0x0000022adf9221e0
Event: 6.272 Thread 0x0000022a99760760 Thread exited: 0x0000022a99760760


Dynamic libraries:
0x00007ff638450000 - 0x00007ff638460000 	C:\Program Files\Java\jdk-22\bin\java.exe
0x00007ffbe30e0000 - 0x00007ffbe3346000 	C:\WINDOWS\SYSTEM32\ntdll.dll
0x00007ffbe1d00000 - 0x00007ffbe1dc9000 	C:\WINDOWS\System32\KERNEL32.DLL
0x00007ffbe08a0000 - 0x00007ffbe0c6c000 	C:\WINDOWS\System32\KERNELBASE.dll
0x00007ffbe05d0000 - 0x00007ffbe071b000 	C:\WINDOWS\System32\ucrtbase.dll
0x00007ffbdafb0000 - 0x00007ffbdafc7000 	C:\Program Files\Java\jdk-22\bin\jli.dll
0x00007ffbdaf90000 - 0x00007ffbdafab000 	C:\Program Files\Java\jdk-22\bin\VCRUNTIME140.dll
0x00007ffbe17d0000 - 0x00007ffbe199a000 	C:\WINDOWS\System32\USER32.dll
0x00007ffbe07b0000 - 0x00007ffbe07d7000 	C:\WINDOWS\System32\win32u.dll
0x00007ffbe28c0000 - 0x00007ffbe28eb000 	C:\WINDOWS\System32\GDI32.dll
0x00007ffbe0270000 - 0x00007ffbe03a2000 	C:\WINDOWS\System32\gdi32full.dll
0x00007ffbbe670000 - 0x00007ffbbe90a000 	C:\WINDOWS\WinSxS\amd64_microsoft.windows.common-controls_6595b64144ccf1df_6.0.26100.3912_none_3e07963ce335137e\COMCTL32.dll
0x00007ffbe0c70000 - 0x00007ffbe0d13000 	C:\WINDOWS\System32\msvcp_win.dll
0x00007ffbe1720000 - 0x00007ffbe17c9000 	C:\WINDOWS\System32\msvcrt.dll
0x00007ffbe1620000 - 0x00007ffbe1650000 	C:\WINDOWS\System32\IMM32.DLL
0x0000000059060000 - 0x000000005906c000 	C:\Program Files (x86)\360\Total Security\safemon\SafeWrapper.dll
0x00007ffbe2a40000 - 0x00007ffbe2af2000 	C:\WINDOWS\System32\ADVAPI32.dll
0x00007ffbe1670000 - 0x00007ffbe1716000 	C:\WINDOWS\System32\sechost.dll
0x00007ffbe1be0000 - 0x00007ffbe1cf6000 	C:\WINDOWS\System32\RPCRT4.dll
0x00007ffb6f350000 - 0x00007ffb6f3fc000 	C:\Program Files (x86)\360\Total Security\safemon\libzdtp64.dll
0x00007ffbe0ea0000 - 0x00007ffbe15cd000 	C:\WINDOWS\System32\SHELL32.dll
0x00007ffbe0d20000 - 0x00007ffbe0e94000 	C:\WINDOWS\System32\wintypes.dll
0x00007ffbe2b00000 - 0x00007ffbe2e84000 	C:\WINDOWS\System32\combase.dll
0x00007ffbe27c0000 - 0x00007ffbe2829000 	C:\WINDOWS\System32\SHLWAPI.dll
0x00007ffbd4270000 - 0x00007ffbd427b000 	C:\WINDOWS\SYSTEM32\VERSION.dll
0x00007ffbdb600000 - 0x00007ffbdb60c000 	C:\Program Files\Java\jdk-22\bin\vcruntime140_1.dll
0x00007ffbb9110000 - 0x00007ffbb919e000 	C:\Program Files\Java\jdk-22\bin\msvcp140.dll
0x00007ffb98520000 - 0x00007ffb99269000 	C:\Program Files\Java\jdk-22\bin\server\jvm.dll
0x00007ffbe29a0000 - 0x00007ffbe2a14000 	C:\WINDOWS\System32\WS2_32.dll
0x00007ffbe0010000 - 0x00007ffbe006e000 	C:\WINDOWS\SYSTEM32\POWRPROF.dll
0x00007ffbd5f40000 - 0x00007ffbd5f76000 	C:\WINDOWS\SYSTEM32\WINMM.dll
0x00007ffbdfee0000 - 0x00007ffbdfef4000 	C:\WINDOWS\SYSTEM32\UMPDC.dll
0x00007ffbdf030000 - 0x00007ffbdf04a000 	C:\WINDOWS\SYSTEM32\kernel.appcore.dll
0x00007ffbdaf80000 - 0x00007ffbdaf8a000 	C:\Program Files\Java\jdk-22\bin\jimage.dll
0x00007ffbd0c80000 - 0x00007ffbd0ec1000 	C:\WINDOWS\SYSTEM32\DBGHELP.DLL
0x00007ffbe26c0000 - 0x00007ffbe27a0000 	C:\WINDOWS\System32\OLEAUT32.dll
0x00007ffbbbc20000 - 0x00007ffbbbc59000 	C:\WINDOWS\SYSTEM32\dbgcore.DLL
0x00007ffbe0530000 - 0x00007ffbe05c9000 	C:\WINDOWS\System32\bcryptPrimitives.dll
0x00007ffbcdbc0000 - 0x00007ffbcdbcf000 	C:\Program Files\Java\jdk-22\bin\instrument.dll
0x00007ffbcdba0000 - 0x00007ffbcdbbe000 	C:\Program Files\Java\jdk-22\bin\java.dll
0x00007ffbe2510000 - 0x00007ffbe26af000 	C:\WINDOWS\System32\ole32.dll
0x00007ffbddee0000 - 0x00007ffbde736000 	C:\WINDOWS\SYSTEM32\windows.storage.dll
0x00007ffbe1dd0000 - 0x00007ffbe1ebf000 	C:\WINDOWS\System32\SHCORE.dll
0x00007ffbe0180000 - 0x00007ffbe01af000 	C:\WINDOWS\SYSTEM32\profapi.dll
0x00007ffbb9030000 - 0x00007ffbb9107000 	C:\Program Files\Java\jdk-22\bin\jsvml.dll
0x00007ffbcdb50000 - 0x00007ffbcdb67000 	C:\Program Files\Java\jdk-22\bin\zip.dll
0x00007ffbc0230000 - 0x00007ffbc0240000 	C:\Program Files\Java\jdk-22\bin\net.dll
0x00007ffbdf5a0000 - 0x00007ffbdf60a000 	C:\WINDOWS\system32\mswsock.dll
0x00007ffbbee00000 - 0x00007ffbbee16000 	C:\Program Files\Java\jdk-22\bin\nio.dll
0x00007ffbbe5a0000 - 0x00007ffbbe5ba000 	C:\Program Files\JetBrains\IntelliJ IDEA Community Edition 2024.3.3\bin\breakgen64.dll
0x00007ffbbe360000 - 0x00007ffbbe369000 	C:\Program Files\Java\jdk-22\bin\extnet.dll
0x00007ffbbe350000 - 0x00007ffbbe35b000 	C:\Program Files\Java\jdk-22\bin\le.dll
0x00007ffbbe330000 - 0x00007ffbbe33e000 	C:\Program Files\Java\jdk-22\bin\sunmscapi.dll
0x00007ffbe03b0000 - 0x00007ffbe0527000 	C:\WINDOWS\System32\CRYPT32.dll
0x00007ffbdfa50000 - 0x00007ffbdfa80000 	C:\WINDOWS\SYSTEM32\ncrypt.dll
0x00007ffbdfa00000 - 0x00007ffbdfa3f000 	C:\WINDOWS\SYSTEM32\NTASN1.dll

dbghelp: loaded successfully - version: 4.0.5 - missing functions: none
symbol engine: initialized successfully - sym options: 0x614 - pdb path: .;C:\Program Files\Java\jdk-22\bin;C:\WINDOWS\SYSTEM32;C:\WINDOWS\WinSxS\amd64_microsoft.windows.common-controls_6595b64144ccf1df_6.0.26100.3912_none_3e07963ce335137e;C:\Program Files (x86)\360\Total Security\safemon;C:\Program Files\Java\jdk-22\bin\server;C:\Program Files\JetBrains\IntelliJ IDEA Community Edition 2024.3.3\bin

VM Arguments:
jvm_args: -javaagent:C:\Program Files\JetBrains\IntelliJ IDEA Community Edition 2024.3.3\lib\idea_rt.jar=62154:C:\Program Files\JetBrains\IntelliJ IDEA Community Edition 2024.3.3\bin -Dfile.encoding=UTF-8 -Dsun.stdout.encoding=UTF-8 -Dsun.stderr.encoding=UTF-8 
java_command: com.WeddingPlanning.Backend.BackendApplication
java_class_path (initial): C:\Users\ilmaf\OneDrive\Desktop\oop project\Wedding-Planning\Backend\target\classes;C:\Users\ilmaf\.m2\repository\org\springframework\boot\spring-boot-starter-thymeleaf\3.4.5\spring-boot-starter-thymeleaf-3.4.5.jar;C:\Users\ilmaf\.m2\repository\org\springframework\boot\spring-boot-starter\3.4.5\spring-boot-starter-3.4.5.jar;C:\Users\ilmaf\.m2\repository\org\springframework\boot\spring-boot\3.4.5\spring-boot-3.4.5.jar;C:\Users\ilmaf\.m2\repository\org\springframework\boot\spring-boot-autoconfigure\3.4.5\spring-boot-autoconfigure-3.4.5.jar;C:\Users\ilmaf\.m2\repository\org\springframework\boot\spring-boot-starter-logging\3.4.5\spring-boot-starter-logging-3.4.5.jar;C:\Users\ilmaf\.m2\repository\ch\qos\logback\logback-classic\1.5.18\logback-classic-1.5.18.jar;C:\Users\ilmaf\.m2\repository\ch\qos\logback\logback-core\1.5.18\logback-core-1.5.18.jar;C:\Users\ilmaf\.m2\repository\org\apache\logging\log4j\log4j-to-slf4j\2.24.3\log4j-to-slf4j-2.24.3.jar;C:\Users\ilmaf\.m2\repository\org\apache\logging\log4j\log4j-api\2.24.3\log4j-api-2.24.3.jar;C:\Users\ilmaf\.m2\repository\org\slf4j\jul-to-slf4j\2.0.17\jul-to-slf4j-2.0.17.jar;C:\Users\ilmaf\.m2\repository\jakarta\annotation\jakarta.annotation-api\2.1.1\jakarta.annotation-api-2.1.1.jar;C:\Users\ilmaf\.m2\repository\org\yaml\snakeyaml\2.3\snakeyaml-2.3.jar;C:\Users\ilmaf\.m2\repository\org\thymeleaf\thymeleaf-spring6\3.1.3.RELEASE\thymeleaf-spring6-3.1.3.RELEASE.jar;C:\Users\ilmaf\.m2\repository\org\thymeleaf\thymeleaf\3.1.3.RELEASE\thymeleaf-3.1.3.RELEASE.jar;C:\Users\ilmaf\.m2\repository\org\attoparser\attoparser\2.0.7.RELEASE\attoparser-2.0.7.RELEASE.jar;C:\Users\ilmaf\.m2\repository\org\unbescape\unbescape\1.1.6.RELEASE\unbescape-1.1.6.RELEASE.jar;C:\Users\ilmaf\.m2\repository\org\slf4j\slf4j-api\2.0.17\slf4j-api-2.0.17.jar;C:\Users\ilmaf\.m2\repository\org\springframework\boot\spring-boot-starter-web\3.4.5\spring-boot-starter-web-3.4.5.jar;C:\Users\ilmaf\.m2\repository\org\springframework\boot\spring-boot-starter-json\3.4.5\spring-boot-starter-json-3.4.5.jar;C:\Users\ilmaf\.m2\repository\com\fasterxml\jackson\core\jackson-databind\2.18.3\jackson-databind-2.18.3.jar;C:\Users\ilmaf\.m2\repository\com\fasterxml\jackson\core\jackson-annotations\2.18.3\jackson-annotations-2.18.3.jar;C:\Users\ilmaf\.m2\repository\com\fasterxml\jackson\core\jackson-core\2.18.3\jackson-core-2.18.3.jar;C:\Users\ilmaf\.m2\repository\com\fasterxml\jackson\datatype\jackson-datatype-jdk8\2.18.3\jackson-datatype-jdk8-2.18.3.jar;C:\Users\ilmaf\.m2\repository\com\fasterxml\jackson\datatype\jackson-datatype-jsr310\2.18.3\jackson-datatype-jsr310-2.18.3.jar;C:\Users\ilmaf\.m2\repository\com\fasterxml\jackson\module\jackson-module-parameter-names\2.18.3\jackson-module-parameter-names-2.18.3.jar;C:\Users\ilmaf\.m2\repository\org\springframework\boot\spring-boot-starter-tomcat\3.4.5\spring-boot-starter-tomcat-3.4.5.jar;C:\Users\ilmaf\.m2\repository\org\apache\tomcat\embed\tomcat-embed-core\10.1.40\tomcat-embed-core-10.1.40.jar;C:\Users\ilmaf\.m2\repository\org\apache\tomcat\embed\tomcat-embed-el\10.1.40\tomcat-embed-el-10.1.40.jar;C:\Users\ilmaf\.m2\repository\org\apache\tomcat\embed\tomcat-embed-websocket\10.1.40\tomcat-embed-websocket-10.1.40.jar;C:\Users\ilmaf\.m2\repository\org\springframework\spring-web\6.2.6\spring-web-6.2.6.jar;C:\Users\ilmaf\.m2\repository\org\springframework\spring-beans\6.2.6\spring-beans-6.2.6.jar;C:\Users\ilmaf\.m2\repository\io\micrometer\micrometer-observation\1.14.6\micrometer-observation-1.14.6.jar;C:\Users\ilmaf\.m2\repository\io\micrometer\micrometer-commons\1.14.6\micrometer-commons-1.14.6.jar;C:\Users\ilmaf\.m2\repository\org\springframework\spring-webmvc\6.2.6\spring-webmvc-6.2.6.jar;C:\Users\ilmaf\.m2\repository\org\springframework\spring-aop\6.2.6\spring-aop-6.2.6.jar;C:\Users\ilmaf\.m2\repository\org\springframework\spring-context\6.2.6\spring-context-6.2.6.jar;C:\Users\ilmaf\.m2\repository\org\springframework\spring-expression\6.2.6\spring-expression-6.2.6.jar;C:\Users\ilmaf\.m2\repository\org\projectlombok\lombok\1.18.38\lombok-1.18.38.jar;C:\Users\ilmaf\.m2\repository\org\springframework\spring-core\6.2.6\spring-core-6.2.6.jar;C:\Users\ilmaf\.m2\repository\org\springframework\spring-jcl\6.2.6\spring-jcl-6.2.6.jar
Launcher Type: SUN_STANDARD

[Global flags]
     intx CICompilerCount                          = 4                                         {product} {ergonomic}
     uint ConcGCThreads                            = 2                                         {product} {ergonomic}
     uint G1ConcRefinementThreads                  = 8                                         {product} {ergonomic}
   size_t G1HeapRegionSize                         = 1048576                                   {product} {ergonomic}
   size_t InitialHeapSize                          = 121634816                                 {product} {ergonomic}
   size_t MarkStackSize                            = 4194304                                   {product} {ergonomic}
   size_t MaxHeapSize                              = 1946157056                                {product} {ergonomic}
   size_t MaxNewSize                               = 1167065088                                {product} {ergonomic}
   size_t MinHeapDeltaBytes                        = 1048576                                   {product} {ergonomic}
   size_t MinHeapSize                              = 8388608                                   {product} {ergonomic}
    uintx NonNMethodCodeHeapSize                   = 5839372                                {pd product} {ergonomic}
    uintx NonProfiledCodeHeapSize                  = 122909434                              {pd product} {ergonomic}
    uintx ProfiledCodeHeapSize                     = 122909434                              {pd product} {ergonomic}
    uintx ReservedCodeCacheSize                    = 251658240                              {pd product} {ergonomic}
     bool SegmentedCodeCache                       = true                                      {product} {ergonomic}
   size_t SoftMaxHeapSize                          = 1946157056                             {manageable} {ergonomic}
     bool UseCompressedOops                        = true                           {product lp64_product} {ergonomic}
     bool UseG1GC                                  = true                                      {product} {ergonomic}
     bool UseLargePagesIndividualAllocation        = false                                  {pd product} {ergonomic}

Logging:
Log output configuration:
 #0: stdout all=warning uptime,level,tags foldmultilines=false
 #1: stderr all=off uptime,level,tags foldmultilines=false

Environment Variables:
JAVA_HOME=C:\Program Files\Java\jdk-22
PATH=C:\Program Files\Python313\Scripts\;C:\Program Files\Python313\;C:\Program Files\Common Files\Oracle\Java\javapath;C:\Program Files\Python311\Scripts\;C:\Program Files\Python311\;C:\windows\system32;C:\windows;C:\windows\System32\Wbem;C:\windows\System32\WindowsPowerShell\v1.0\;C:\windows\System32\OpenSSH\;C:\Users\ilmaf\AppData\Local\Programs\Python\Python311\Scripts;C:\Program Files\HP\HP One Agent;C:\Program Files\Java\jdk-22\bin;C:\Program Files\Git\cmd;C:\WINDOWS\system32;C:\WINDOWS;C:\WINDOWS\System32\Wbem;C:\WINDOWS\System32\WindowsPowerShell\v1.0\;C:\WINDOWS\System32\OpenSSH\;C:\Program Files\dotnet\;C:\Users\ilmaf\AppData\Local\Microsoft\WindowsApps;C:\Users\ilmaf\AppData\Local\Programs\Microsoft VS Code\bin;C:\Program Files\JetBrains\IntelliJ IDEA Community Edition 2024.3.3\bin;;C:\ProgramData\ilmaf\GitHubDesktop\bin
USERNAME=ilmaf
OS=Windows_NT
PROCESSOR_IDENTIFIER=AMD64 Family 23 Model 160 Stepping 0, AuthenticAMD
TMP=C:\Users\ilmaf\AppData\Local\Temp
TEMP=C:\Users\ilmaf\AppData\Local\Temp




Periodic native trim disabled

---------------  S Y S T E M  ---------------

OS:
 Windows 11 , 64 bit Build 26100 (10.0.26100.3912)
OS uptime: 1 days 1:08 hours
Hyper-V role detected

CPU: total 8 (initial active 8) (8 cores per cpu, 2 threads per core) family 23 model 160 stepping 0 microcode 0x8a0000a, cx8, cmov, fxsr, ht, mmx, 3dnowpref, sse, sse2, sse3, ssse3, sse4a, sse4.1, sse4.2, popcnt, lzcnt, tsc, tscinvbit, avx, avx2, aes, clmul, bmi1, bmi2, adx, sha, fma, vzeroupper, clflush, clflushopt, hv, rdtscp, rdpid, f16c
Processor Information for all 8 processors :
  Max Mhz: 2801, Current Mhz: 2483, Mhz Limit: 2801

Memory: 4k page, system-wide physical 7418M (407M free)
TotalPageFile size 29946M (AvailPageFile size 78M)
current process WorkingSet (physical memory assigned to process): 129M, peak: 153M
current process commit charge ("private bytes"): 185M, peak: 262M

vm_info: Java HotSpot(TM) 64-Bit Server VM (22.0.2+9-70) for windows-amd64 JRE (22.0.2+9-70), built on 2024-06-04T16:52:23Z by "mach5one" with MS VC++ 17.6 (VS2022)

END.
